#
# There is insufficient memory for the Java Runtime Environment to continue.
# Native memory allocation (malloc) failed to allocate 1048576 bytes for AllocateHeap
# Possible reasons:
#   The system is out of physical RAM or swap space
#   The process is running with CompressedOops enabled, and the Java Heap may be blocking the growth of the native heap
# Possible solutions:
#   Reduce memory load on the system
#   Increase physical memory or swap space
#   Check if swap backing store is full
#   Decrease Java heap size (-Xmx/-Xms)
#   Decrease number of Java threads
#   Decrease Java thread stack sizes (-Xss)
#   Set larger code cache with -XX:ReservedCodeCacheSize=
#   JVM is running with Zero Based Compressed Oops mode in which the Java heap is
#     placed in the first 32GB address space. The Java Heap base address is the
#     maximum limit for the native heap growth. Please use -XX:HeapBaseMinAddress
#     to set the Java Heap base and to place the Java Heap above 32GB virtual address.
# This output file may be truncated or incomplete.
#
#  Out of Memory Error (allocation.cpp:46), pid=27932, tid=18572
#
# JRE version: OpenJDK Runtime Environment Microsoft-11367275 (11.0.27+6) (build 11.0.27+6-LTS)
# Java VM: OpenJDK 64-Bit Server VM Microsoft-11367275 (11.0.27+6-LTS, mixed mode, sharing, tiered, compressed oops, g1 gc, windows-amd64)
# No core dump will be written. Minidumps are not enabled by default on client versions of Windows
#

---------------  S U M M A R Y ------------

Command Line: -XX:TieredStopAtLevel=1 -Xverify:none -Dspring.profiles.active=local -Dspring.output.ansi.enabled=always -Dcom.sun.management.jmxremote -Dspring.jmx.enabled=true -Dspring.liveBeansView.mbeanDomain -Dspring.application.admin.enabled=true -Dmanagement.endpoints.jmx.exposure.include=* -javaagent:D:\IDEA2025\IntelliJ IDEA 2025.1.1.1\lib\idea_rt.jar=59265 -Dfile.encoding=UTF-8 com.hmall.cart.CartApplication

Host: AMD Ryzen 7 6800H with Radeon Graphics         , 16 cores, 13G,  Windows 11 , 64 bit Build 22621 (10.0.22621.5415)
Time: Thu Aug 14 21:41:04 2025  Windows 11 , 64 bit Build 22621 (10.0.22621.5415) elapsed time: 15740.346032 seconds (0d 4h 22m 20s)

---------------  T H R E A D  ---------------

Current thread (0x00000200aa13b000):  VMThread "VM Thread" [stack: 0x0000001851400000,0x0000001851500000] [id=18572]

Stack: [0x0000001851400000,0x0000001851500000]
[error occurred during error reporting (printing stack bounds), id 0xc0000005, EXCEPTION_ACCESS_VIOLATION (0xc0000005) at pc=0x000002008f58112d]

Native frames: (J=compiled Java code, j=interpreted, Vv=VM code, C=native code)
V  [jvm.dll+0x657c0a]
V  [jvm.dll+0x7eaa19]
V  [jvm.dll+0x7ec0f9]
V  [jvm.dll+0x7ec755]
V  [jvm.dll+0x7ec70b]
V  [jvm.dll+0x656f18]
V  [jvm.dll+0x657608]
C  [ntdll.dll+0xa5cef]
C  [ntdll.dll+0x1e8c6]
C  [ntdll.dll+0xa4cee]
C  0x000002008f58112d

VM_Operation (0x00000018564fe0b0): CollectForMetadataAllocation, mode: safepoint, requested by thread 0x00000200ae6df000


---------------  P R O C E S S  ---------------

Threads class SMR info:
_java_thread_list=0x00000200ac5a2090, length=77, elements={
0x00000200aa142000, 0x00000200aa143800, 0x00000200aa161800, 0x00000200aa163000,
0x00000200aa164000, 0x00000200aa16f000, 0x00000200aa174000, 0x00000200aab8f800,
0x00000200ab0ee800, 0x00000200ab2ac000, 0x00000200abcfb000, 0x00000200ab4a2000,
0x00000200aaa3b800, 0x00000200abc42000, 0x00000200addff000, 0x00000200ade00000,
0x00000200ade02000, 0x00000200addfd800, 0x00000200ade03000, 0x00000200ade00800,
0x00000200ade04000, 0x00000200ade01800, 0x00000200addfe000, 0x00000200ae6d4800,
0x00000200ae6d7000, 0x00000200ae6d3000, 0x00000200ae6d6000, 0x00000200ae6d5800,
0x00000200ae6d8000, 0x00000200ae6d9800, 0x00000200ae6db000, 0x00000200ae6dc800,
0x00000200ae6e0000, 0x00000200ae6dd800, 0x00000200aeba3800, 0x00000200aeba4800,
0x00000200aeba6000, 0x00000200aeba2000, 0x00000200aebab000, 0x00000200aebad800,
0x00000200aebac800, 0x00000200aeba9800, 0x00000200aeba8800, 0x00000200aebaa000,
0x00000200aeba7800, 0x00000200aebaf000, 0x00000200aebab800, 0x00000200aebae000,
0x00000200aebb0000, 0x00000200b39ec800, 0x00000200b39ed000, 0x00000200b39ea000,
0x00000200b39f5800, 0x00000200b39e9000, 0x00000200b39ef800, 0x00000200b39f0800,
0x00000200b39eb000, 0x00000200b39f3800, 0x00000200b39ee000, 0x00000200b39f3000,
0x00000200b39ef000, 0x00000200b39e8800, 0x00000200b39f2000, 0x00000200b39f1800,
0x00000200b39f7000, 0x00000200ae6d2000, 0x00000200ae6de800, 0x00000200ae6da000,
0x00000200ae6d8800, 0x00000200aeba2800, 0x00000200ae6d1000, 0x00000200ae6df000,
0x00000200adf15800, 0x00000200adf12800, 0x00000200adf13000, 0x00000200adf14000,
0x00000200adf11800
}

Java Threads: ( => current thread )
  0x00000200aa142000 JavaThread "Reference Handler" daemon [_thread_blocked, id=4344, stack(0x0000001851500000,0x0000001851600000)]
  0x00000200aa143800 JavaThread "Finalizer" daemon [_thread_blocked, id=28860, stack(0x0000001851600000,0x0000001851700000)]
  0x00000200aa161800 JavaThread "Signal Dispatcher" daemon [_thread_blocked, id=26148, stack(0x0000001851700000,0x0000001851800000)]
  0x00000200aa163000 JavaThread "Attach Listener" daemon [_thread_blocked, id=18544, stack(0x0000001851800000,0x0000001851900000)]
  0x00000200aa164000 JavaThread "Service Thread" daemon [_thread_blocked, id=7416, stack(0x0000001851900000,0x0000001851a00000)]
  0x00000200aa16f000 JavaThread "C1 CompilerThread0" daemon [_thread_blocked, id=3732, stack(0x0000001851a00000,0x0000001851b00000)]
  0x00000200aa174000 JavaThread "Sweeper thread" daemon [_thread_blocked, id=2464, stack(0x0000001851b00000,0x0000001851c00000)]
  0x00000200aab8f800 JavaThread "Common-Cleaner" daemon [_thread_blocked, id=2620, stack(0x0000001851c00000,0x0000001851d00000)]
  0x00000200ab0ee800 JavaThread "Monitor Ctrl-Break" daemon [_thread_in_native, id=11248, stack(0x0000001851d00000,0x0000001851e00000)]
  0x00000200ab2ac000 JavaThread "RMI TCP Accept-0" daemon [_thread_in_native, id=30388, stack(0x0000001851e00000,0x0000001851f00000)]
  0x00000200abcfb000 JavaThread "RMI Scheduler(0)" daemon [_thread_blocked, id=19204, stack(0x0000001852500000,0x0000001852600000)]
  0x00000200ab4a2000 JavaThread "logback-1" daemon [_thread_blocked, id=30052, stack(0x0000001852800000,0x0000001852900000)]
  0x00000200aaa3b800 JavaThread "Catalina-utility-1" [_thread_blocked, id=29408, stack(0x0000001852b00000,0x0000001852c00000)]
  0x00000200abc42000 JavaThread "Catalina-utility-2" [_thread_blocked, id=29836, stack(0x0000001852c00000,0x0000001852d00000)]
  0x00000200addff000 JavaThread "container-0" [_thread_blocked, id=23512, stack(0x0000001852d00000,0x0000001852e00000)]
  0x00000200ade00000 JavaThread "spring.cloud.inetutils" daemon [_thread_blocked, id=27016, stack(0x0000001852e00000,0x0000001852f00000)]
  0x00000200ade02000 JavaThread "mysql-cj-abandoned-connection-cleanup" daemon [_thread_blocked, id=30856, stack(0x0000001853200000,0x0000001853300000)]
  0x00000200addfd800 JavaThread "lettuce-timer-3-1" daemon [_thread_blocked, id=29640, stack(0x0000001853500000,0x0000001853600000)]
  0x00000200ade03000 JavaThread "logback-2" daemon [_thread_blocked, id=5344, stack(0x0000001853600000,0x0000001853700000)]
  0x00000200ade00800 JavaThread "nacos.publisher-com.alibaba.nacos.common.notify.SlowEvent" daemon [_thread_blocked, id=30472, stack(0x0000001853700000,0x0000001853800000)]
  0x00000200ade04000 JavaThread "nacos.publisher-com.alibaba.nacos.client.naming.event.InstancesChangeEvent" daemon [_thread_blocked, id=19364, stack(0x0000001853800000,0x0000001853900000)]
  0x00000200ade01800 JavaThread "com.alibaba.nacos.naming.failover" daemon [_thread_blocked, id=3864, stack(0x0000001853900000,0x0000001853a00000)]
  0x00000200addfe000 JavaThread "com.alibaba.nacos.client.naming.security" daemon [_thread_blocked, id=26708, stack(0x0000001853a00000,0x0000001853b00000)]
  0x00000200ae6d4800 JavaThread "com.alibaba.nacos.naming.push.receiver" daemon [_thread_in_native, id=31004, stack(0x0000001853b00000,0x0000001853c00000)]
  0x00000200ae6d7000 JavaThread "com.alibaba.nacos.client.naming.grpc.redo.0" daemon [_thread_blocked, id=31652, stack(0x0000001853c00000,0x0000001853d00000)]
  0x00000200ae6d3000 JavaThread "com.alibaba.nacos.client.remote.worker" daemon [_thread_blocked, id=28936, stack(0x0000001853d00000,0x0000001853e00000)]
  0x00000200ae6d6000 JavaThread "com.alibaba.nacos.client.remote.worker" daemon [_thread_blocked, id=8420, stack(0x0000001853e00000,0x0000001853f00000)]
  0x00000200ae6d5800 JavaThread "grpc-nio-worker-ELG-1-1" daemon [_thread_blocked, id=27576, stack(0x0000001853f00000,0x0000001854000000)]
  0x00000200ae6d8000 JavaThread "logback-3" daemon [_thread_blocked, id=27708, stack(0x0000001854100000,0x0000001854200000)]
  0x00000200ae6d9800 JavaThread "grpc-nio-worker-ELG-1-2" daemon [_thread_in_native, id=4040, stack(0x0000001854300000,0x0000001854400000)]
  0x00000200ae6db000 JavaThread "grpc-nio-worker-ELG-1-3" daemon [_thread_in_native, id=27828, stack(0x0000001854600000,0x0000001854700000)]
  0x00000200ae6dc800 JavaThread "grpc-nio-worker-ELG-1-4" daemon [_thread_in_native, id=16468, stack(0x0000001854800000,0x0000001854900000)]
  0x00000200ae6e0000 JavaThread "grpc-nio-worker-ELG-1-6" daemon [_thread_in_native, id=29896, stack(0x0000001854900000,0x0000001854a00000)]
  0x00000200ae6dd800 JavaThread "grpc-nio-worker-ELG-1-5" daemon [_thread_in_native, id=27844, stack(0x0000001854a00000,0x0000001854b00000)]
  0x00000200aeba3800 JavaThread "com.alibaba.nacos.client.naming.updater.0" daemon [_thread_blocked, id=27780, stack(0x0000001855000000,0x0000001855100000)]
  0x00000200aeba4800 JavaThread "com.alibaba.nacos.client.identify.watcher.0" daemon [_thread_blocked, id=20768, stack(0x0000001855100000,0x0000001855200000)]
  0x00000200aeba6000 JavaThread "Nacos-Watch-Task-Scheduler-1" [_thread_blocked, id=28916, stack(0x0000001855400000,0x0000001855500000)]
  0x00000200aeba2000 JavaThread "http-nio-8082-exec-1" daemon [_thread_blocked, id=14796, stack(0x0000001855500000,0x0000001855600000)]
  0x00000200aebab000 JavaThread "http-nio-8082-exec-2" daemon [_thread_blocked, id=31436, stack(0x0000001855600000,0x0000001855700000)]
  0x00000200aebad800 JavaThread "http-nio-8082-exec-3" daemon [_thread_blocked, id=28796, stack(0x0000001855700000,0x0000001855800000)]
  0x00000200aebac800 JavaThread "http-nio-8082-exec-4" daemon [_thread_blocked, id=18592, stack(0x0000001855800000,0x0000001855900000)]
  0x00000200aeba9800 JavaThread "http-nio-8082-exec-5" daemon [_thread_blocked, id=28852, stack(0x0000001855900000,0x0000001855a00000)]
  0x00000200aeba8800 JavaThread "http-nio-8082-exec-6" daemon [_thread_blocked, id=26720, stack(0x0000001855a00000,0x0000001855b00000)]
  0x00000200aebaa000 JavaThread "http-nio-8082-exec-7" daemon [_thread_blocked, id=14720, stack(0x0000001855b00000,0x0000001855c00000)]
  0x00000200aeba7800 JavaThread "http-nio-8082-exec-8" daemon [_thread_blocked, id=29996, stack(0x0000001855c00000,0x0000001855d00000)]
  0x00000200aebaf000 JavaThread "http-nio-8082-exec-9" daemon [_thread_blocked, id=3676, stack(0x0000001855d00000,0x0000001855e00000)]
  0x00000200aebab800 JavaThread "http-nio-8082-exec-10" daemon [_thread_blocked, id=9380, stack(0x0000001855e00000,0x0000001855f00000)]
  0x00000200aebae000 JavaThread "http-nio-8082-Poller" daemon [_thread_in_native, id=13832, stack(0x0000001855f00000,0x0000001856000000)]
  0x00000200aebb0000 JavaThread "http-nio-8082-Acceptor" daemon [_thread_in_native, id=30884, stack(0x0000001856000000,0x0000001856100000)]
  0x00000200b39ec800 JavaThread "com.alibaba.nacos.client.naming.updater.1" daemon [_thread_blocked, id=27052, stack(0x0000001856300000,0x0000001856400000)]
  0x00000200b39ed000 JavaThread "com.alibaba.nacos.client.naming.updater.2" daemon [_thread_blocked, id=6204, stack(0x0000001856600000,0x0000001856700000)]
  0x00000200b39ea000 JavaThread "DestroyJavaVM" [_thread_blocked, id=27252, stack(0x0000001850e00000,0x0000001850f00000)]
  0x00000200b39f5800 JavaThread "com.alibaba.nacos.client.naming.updater.3" daemon [_thread_blocked, id=28092, stack(0x0000001856b00000,0x0000001856c00000)]
  0x00000200b39e9000 JavaThread "logback-4" daemon [_thread_blocked, id=29296, stack(0x0000001850b00000,0x0000001850c00000)]
  0x00000200b39ef800 JavaThread "logback-5" daemon [_thread_blocked, id=19344, stack(0x0000001854c00000,0x0000001854d00000)]
  0x00000200b39f0800 JavaThread "logback-6" daemon [_thread_blocked, id=15676, stack(0x0000001854200000,0x0000001854300000)]
  0x00000200b39eb000 JavaThread "logback-7" daemon [_thread_blocked, id=26440, stack(0x0000001854e00000,0x0000001854f00000)]
  0x00000200b39f3800 JavaThread "com.alibaba.nacos.client.naming.updater.4" daemon [_thread_blocked, id=28068, stack(0x0000001854500000,0x0000001854600000)]
  0x00000200b39ee000 JavaThread "logback-8" daemon [_thread_blocked, id=9712, stack(0x0000001850d00000,0x0000001850e00000)]
  0x00000200b39f3000 JavaThread "logback-9" daemon [_thread_blocked, id=25864, stack(0x0000001854700000,0x0000001854800000)]
  0x00000200b39ef000 JavaThread "logback-10" daemon [_thread_blocked, id=17272, stack(0x0000001852600000,0x0000001852700000)]
  0x00000200b39e8800 JavaThread "logback-11" daemon [_thread_blocked, id=28660, stack(0x0000001854000000,0x0000001854100000)]
  0x00000200b39f2000 JavaThread "com.alibaba.nacos.client.naming.updater.5" daemon [_thread_blocked, id=19136, stack(0x0000001855300000,0x0000001855400000)]
  0x00000200b39f1800 JavaThread "logback-12" daemon [_thread_blocked, id=30904, stack(0x0000001853300000,0x0000001853400000)]
  0x00000200b39f7000 JavaThread "logback-13" daemon [_thread_blocked, id=29320, stack(0x0000001855200000,0x0000001855300000)]
  0x00000200ae6d2000 JavaThread "logback-14" daemon [_thread_blocked, id=31348, stack(0x0000001856200000,0x0000001856300000)]
  0x00000200ae6de800 JavaThread "logback-15" daemon [_thread_blocked, id=27032, stack(0x0000001856100000,0x0000001856200000)]
  0x00000200ae6da000 JavaThread "com.alibaba.nacos.client.naming.updater.6" daemon [_thread_blocked, id=27012, stack(0x0000001856700000,0x0000001856800000)]
  0x00000200ae6d8800 JavaThread "logback-16" daemon [_thread_blocked, id=28020, stack(0x0000001854d00000,0x0000001854e00000)]
  0x00000200aeba2800 JavaThread "com.alibaba.nacos.client.naming.updater.7" daemon [_thread_blocked, id=29380, stack(0x0000001856900000,0x0000001856a00000)]
  0x00000200ae6d1000 JavaThread "grpc-nio-worker-ELG-1-7" daemon [_thread_in_native, id=29516, stack(0x0000001850c00000,0x0000001850d00000)]
  0x00000200ae6df000 JavaThread "grpc-nio-worker-ELG-1-8" daemon [_thread_blocked, id=3660, stack(0x0000001856400000,0x0000001856500000)]
  0x00000200adf15800 JavaThread "RMI TCP Connection(idle)" daemon [_thread_blocked, id=31716, stack(0x0000001853400000,0x0000001853500000)]
  0x00000200adf12800 JavaThread "JMX server connection timeout 1631" daemon [_thread_blocked, id=27688, stack(0x0000001854400000,0x0000001854500000)]
  0x00000200adf13000 JavaThread "RMI TCP Connection(idle)" daemon [_thread_blocked, id=23672, stack(0x0000001854f00000,0x0000001855000000)]
  0x00000200adf14000 JavaThread "nacos-grpc-client-executor-2261" daemon [_thread_blocked, id=30704, stack(0x0000001852a00000,0x0000001852b00000)]
  0x00000200adf11800 JavaThread "nacos-grpc-client-executor-2262" daemon [_thread_blocked, id=35816, stack(0x0000001852400000,0x0000001852500000)]

Other Threads:
=>0x00000200aa13b000 VMThread "VM Thread" [stack: 0x0000001851400000,0x0000001851500000] [id=18572]
  0x00000200ab29b000 WatcherThread [stack: 0x0000001851f00000,0x0000001852000000] [id=2328]
  0x0000020086dfa000 GCTaskThread "GC Thread#0" [stack: 0x0000001850f00000,0x0000001851000000] [id=14056]
  0x00000200aba03800 GCTaskThread "GC Thread#1" [stack: 0x0000001852000000,0x0000001852100000] [id=29868]
  0x00000200aba04800 GCTaskThread "GC Thread#2" [stack: 0x0000001852100000,0x0000001852200000] [id=29500]
  0x00000200aba4b800 GCTaskThread "GC Thread#3" [stack: 0x0000001852200000,0x0000001852300000] [id=9512]
  0x00000200aba4c000 GCTaskThread "GC Thread#4" [stack: 0x0000001852300000,0x0000001852400000] [id=26648]
  0x00000200abd86000 GCTaskThread "GC Thread#5" [stack: 0x0000001852f00000,0x0000001853000000] [id=28500]
  0x00000200abb5d000 GCTaskThread "GC Thread#6" [stack: 0x0000001853000000,0x0000001853100000] [id=7700]
  0x00000200abb5d800 GCTaskThread "GC Thread#7" [stack: 0x0000001853100000,0x0000001853200000] [id=25772]
  0x00000200b3bba000 GCTaskThread "GC Thread#8" [stack: 0x0000001856a00000,0x0000001856b00000] [id=29128]
  0x00000200ae199000 GCTaskThread "GC Thread#9" [stack: 0x0000001856c00000,0x0000001856d00000] [id=30064]
  0x0000020086e4b800 ConcurrentGCThread "G1 Main Marker" [stack: 0x0000001851000000,0x0000001851100000] [id=16208]
  0x0000020086e4d000 ConcurrentGCThread "G1 Conc#0" [stack: 0x0000001851100000,0x0000001851200000] [id=27256]
  0x00000200abf4f000 ConcurrentGCThread "G1 Conc#1" [stack: 0x0000001852700000,0x0000001852800000] [id=27532]
  0x00000200abfdf800 ConcurrentGCThread "G1 Conc#2" [stack: 0x0000001852900000,0x0000001852a00000] [id=28496]
  0x00000200aa053000 ConcurrentGCThread "G1 Refine#0" [stack: 0x0000001851200000,0x0000001851300000] [id=14372]
  0x00000200aa054000 ConcurrentGCThread "G1 Young RemSet Sampling" [stack: 0x0000001851300000,0x0000001851400000] [id=14604]

Threads with active compile tasks:

VM state:at safepoint (normal execution)

VM Mutex/Monitor currently owned by a thread:  ([mutex/lock_event])
[0x0000020086ddaa30] Threads_lock - owner thread: 0x00000200aa13b000
[0x0000020086ddab50] Heap_lock - owner thread: 0x00000200ae6df000

OutOfMemory and StackOverflow Exception counts:
OutOfMemoryError java_heap_errors=3
LinkageErrors=109

Heap address: 0x0000000724e00000, size: 3506 MB, Compressed Oops mode: Zero based, Oop shift amount: 3
Narrow klass base: 0x0000000800000000, Narrow klass shift: 3
Compressed class space size: 1073741824 Address: 0x0000000840000000

Heap:
 garbage-first heap   total 225280K, used 40107K [0x0000000724e00000, 0x0000000800000000)
  region size 1024K, 7 young (7168K), 7 survivors (7168K)
 Metaspace       used 62783K, capacity 64994K, committed 65072K, reserved 1114112K
  class space    used 8152K, capacity 9019K, committed 9088K, reserved 1048576K
Heap Regions: E=young(eden), S=young(survivor), O=old, HS=humongous(starts), HC=humongous(continues), CS=collection set, F=free, A=archive, TAMS=top-at-mark-start (previous, next)
|   0|0x0000000724e00000, 0x0000000724f00000, 0x0000000724f00000|100%|HS|  |TAMS 0x0000000724f00000, 0x0000000724f00000| Complete 
|   1|0x0000000724f00000, 0x0000000725000000, 0x0000000725000000|100%| O|  |TAMS 0x0000000725000000, 0x0000000725000000| Untracked 
|   2|0x0000000725000000, 0x0000000725100000, 0x0000000725100000|100%| O|  |TAMS 0x0000000725100000, 0x0000000725100000| Untracked 
|   3|0x0000000725100000, 0x0000000725200000, 0x0000000725200000|100%| O|  |TAMS 0x0000000725200000, 0x0000000725200000| Untracked 
|   4|0x0000000725200000, 0x0000000725300000, 0x0000000725300000|100%| O|  |TAMS 0x0000000725300000, 0x0000000725300000| Untracked 
|   5|0x0000000725300000, 0x0000000725400000, 0x0000000725400000|100%| O|  |TAMS 0x0000000725400000, 0x0000000725400000| Untracked 
|   6|0x0000000725400000, 0x0000000725500000, 0x0000000725500000|100%| O|  |TAMS 0x0000000725500000, 0x0000000725500000| Untracked 
|   7|0x0000000725500000, 0x00000007255ffff8, 0x0000000725600000| 99%| O|  |TAMS 0x00000007255ffff8, 0x00000007255ffff8| Untracked 
|   8|0x0000000725600000, 0x0000000725700000, 0x0000000725700000|100%| O|  |TAMS 0x0000000725700000, 0x0000000725700000| Untracked 
|   9|0x0000000725700000, 0x0000000725800000, 0x0000000725800000|100%| O|  |TAMS 0x0000000725800000, 0x0000000725800000| Untracked 
|  10|0x0000000725800000, 0x0000000725900000, 0x0000000725900000|100%| O|  |TAMS 0x0000000725900000, 0x0000000725900000| Untracked 
|  11|0x0000000725900000, 0x0000000725a00000, 0x0000000725a00000|100%| O|  |TAMS 0x0000000725a00000, 0x0000000725a00000| Untracked 
|  12|0x0000000725a00000, 0x0000000725b00000, 0x0000000725b00000|100%| O|  |TAMS 0x0000000725b00000, 0x0000000725b00000| Untracked 
|  13|0x0000000725b00000, 0x0000000725c00000, 0x0000000725c00000|100%| O|  |TAMS 0x0000000725c00000, 0x0000000725c00000| Untracked 
|  14|0x0000000725c00000, 0x0000000725d00000, 0x0000000725d00000|100%| O|  |TAMS 0x0000000725d00000, 0x0000000725d00000| Untracked 
|  15|0x0000000725d00000, 0x0000000725e00000, 0x0000000725e00000|100%| O|  |TAMS 0x0000000725e00000, 0x0000000725e00000| Untracked 
|  16|0x0000000725e00000, 0x0000000725f00000, 0x0000000725f00000|100%| O|  |TAMS 0x0000000725f00000, 0x0000000725f00000| Untracked 
|  17|0x0000000725f00000, 0x0000000726000000, 0x0000000726000000|100%| O|  |TAMS 0x0000000726000000, 0x0000000726000000| Untracked 
|  18|0x0000000726000000, 0x0000000726100000, 0x0000000726100000|100%| O|  |TAMS 0x0000000726100000, 0x0000000726100000| Untracked 
|  19|0x0000000726100000, 0x0000000726200000, 0x0000000726200000|100%| O|  |TAMS 0x0000000726200000, 0x0000000726200000| Untracked 
|  20|0x0000000726200000, 0x0000000726300000, 0x0000000726300000|100%| O|  |TAMS 0x0000000726300000, 0x0000000726300000| Untracked 
|  21|0x0000000726300000, 0x0000000726400000, 0x0000000726400000|100%| O|  |TAMS 0x0000000726400000, 0x0000000726400000| Untracked 
|  22|0x0000000726400000, 0x0000000726500000, 0x0000000726500000|100%| O|  |TAMS 0x0000000726500000, 0x0000000726500000| Untracked 
|  23|0x0000000726500000, 0x0000000726600000, 0x0000000726600000|100%| O|  |TAMS 0x0000000726600000, 0x0000000726600000| Untracked 
|  24|0x0000000726600000, 0x0000000726700000, 0x0000000726700000|100%| O|  |TAMS 0x0000000726700000, 0x0000000726700000| Untracked 
|  25|0x0000000726700000, 0x0000000726800000, 0x0000000726800000|100%| O|  |TAMS 0x0000000726800000, 0x0000000726800000| Untracked 
|  26|0x0000000726800000, 0x0000000726900000, 0x0000000726900000|100%| O|  |TAMS 0x0000000726900000, 0x0000000726900000| Untracked 
|  27|0x0000000726900000, 0x0000000726a00000, 0x0000000726a00000|100%| O|  |TAMS 0x0000000726a00000, 0x0000000726a00000| Untracked 
|  28|0x0000000726a00000, 0x0000000726b00000, 0x0000000726b00000|100%| O|  |TAMS 0x0000000726ac4000, 0x0000000726b00000| Untracked 
|  29|0x0000000726b00000, 0x0000000726c00000, 0x0000000726c00000|100%| O|  |TAMS 0x0000000726b00000, 0x0000000726c00000| Untracked 
|  30|0x0000000726c00000, 0x0000000726d00000, 0x0000000726d00000|100%| O|  |TAMS 0x0000000726c00000, 0x0000000726d00000| Untracked 
|  31|0x0000000726d00000, 0x0000000726e00000, 0x0000000726e00000|100%| O|  |TAMS 0x0000000726d00000, 0x0000000726e00000| Untracked 
|  32|0x0000000726e00000, 0x0000000726f00000, 0x0000000726f00000|100%| O|  |TAMS 0x0000000726e00000, 0x0000000726f00000| Untracked 
|  33|0x0000000726f00000, 0x0000000726f08800, 0x0000000727000000|  3%| O|  |TAMS 0x0000000726f00000, 0x0000000726f08800| Untracked 
|  34|0x0000000727000000, 0x0000000727000000, 0x0000000727100000|  0%| F|  |TAMS 0x0000000727000000, 0x0000000727000000| Untracked 
|  35|0x0000000727100000, 0x0000000727100000, 0x0000000727200000|  0%| F|  |TAMS 0x0000000727100000, 0x0000000727100000| Untracked 
|  36|0x0000000727200000, 0x0000000727200000, 0x0000000727300000|  0%| F|  |TAMS 0x0000000727200000, 0x0000000727200000| Untracked 
|  37|0x0000000727300000, 0x0000000727300000, 0x0000000727400000|  0%| F|  |TAMS 0x0000000727300000, 0x0000000727300000| Untracked 
|  38|0x0000000727400000, 0x0000000727400000, 0x0000000727500000|  0%| F|  |TAMS 0x0000000727400000, 0x0000000727400000| Untracked 
|  39|0x0000000727500000, 0x0000000727500000, 0x0000000727600000|  0%| F|  |TAMS 0x0000000727500000, 0x0000000727500000| Untracked 
|  40|0x0000000727600000, 0x0000000727600000, 0x0000000727700000|  0%| F|  |TAMS 0x0000000727600000, 0x0000000727600000| Untracked 
|  41|0x0000000727700000, 0x0000000727700000, 0x0000000727800000|  0%| F|  |TAMS 0x0000000727700000, 0x0000000727700000| Untracked 
|  42|0x0000000727800000, 0x0000000727800000, 0x0000000727900000|  0%| F|  |TAMS 0x0000000727800000, 0x0000000727800000| Untracked 
|  43|0x0000000727900000, 0x0000000727900000, 0x0000000727a00000|  0%| F|  |TAMS 0x0000000727900000, 0x0000000727900000| Untracked 
|  44|0x0000000727a00000, 0x0000000727a00000, 0x0000000727b00000|  0%| F|  |TAMS 0x0000000727a00000, 0x0000000727a00000| Untracked 
|  45|0x0000000727b00000, 0x0000000727b00000, 0x0000000727c00000|  0%| F|  |TAMS 0x0000000727b00000, 0x0000000727b00000| Untracked 
|  46|0x0000000727c00000, 0x0000000727c00000, 0x0000000727d00000|  0%| F|  |TAMS 0x0000000727c00000, 0x0000000727c00000| Untracked 
|  47|0x0000000727d00000, 0x0000000727d00000, 0x0000000727e00000|  0%| F|  |TAMS 0x0000000727d00000, 0x0000000727d00000| Untracked 
|  48|0x0000000727e00000, 0x0000000727e00000, 0x0000000727f00000|  0%| F|  |TAMS 0x0000000727e00000, 0x0000000727e00000| Untracked 
|  49|0x0000000727f00000, 0x0000000727f00000, 0x0000000728000000|  0%| F|  |TAMS 0x0000000727f00000, 0x0000000727f00000| Untracked 
|  50|0x0000000728000000, 0x0000000728000000, 0x0000000728100000|  0%| F|  |TAMS 0x0000000728000000, 0x0000000728000000| Untracked 
|  51|0x0000000728100000, 0x0000000728100000, 0x0000000728200000|  0%| F|  |TAMS 0x0000000728100000, 0x0000000728100000| Untracked 
|  52|0x0000000728200000, 0x0000000728200000, 0x0000000728300000|  0%| F|  |TAMS 0x0000000728200000, 0x0000000728200000| Untracked 
|  53|0x0000000728300000, 0x0000000728300000, 0x0000000728400000|  0%| F|  |TAMS 0x0000000728300000, 0x0000000728300000| Untracked 
|  54|0x0000000728400000, 0x0000000728400000, 0x0000000728500000|  0%| F|  |TAMS 0x0000000728400000, 0x0000000728400000| Untracked 
|  55|0x0000000728500000, 0x0000000728500000, 0x0000000728600000|  0%| F|  |TAMS 0x0000000728500000, 0x0000000728500000| Untracked 
|  56|0x0000000728600000, 0x0000000728600000, 0x0000000728700000|  0%| F|  |TAMS 0x0000000728600000, 0x0000000728600000| Untracked 
|  57|0x0000000728700000, 0x0000000728700000, 0x0000000728800000|  0%| F|  |TAMS 0x0000000728700000, 0x0000000728700000| Untracked 
|  58|0x0000000728800000, 0x0000000728800000, 0x0000000728900000|  0%| F|  |TAMS 0x0000000728800000, 0x0000000728800000| Untracked 
|  59|0x0000000728900000, 0x0000000728900000, 0x0000000728a00000|  0%| F|  |TAMS 0x0000000728900000, 0x0000000728900000| Untracked 
|  60|0x0000000728a00000, 0x0000000728a00000, 0x0000000728b00000|  0%| F|  |TAMS 0x0000000728a00000, 0x0000000728a00000| Untracked 
|  61|0x0000000728b00000, 0x0000000728b00000, 0x0000000728c00000|  0%| F|  |TAMS 0x0000000728b00000, 0x0000000728b00000| Untracked 
|  62|0x0000000728c00000, 0x0000000728c00000, 0x0000000728d00000|  0%| F|  |TAMS 0x0000000728c00000, 0x0000000728c00000| Untracked 
|  63|0x0000000728d00000, 0x0000000728d00000, 0x0000000728e00000|  0%| F|  |TAMS 0x0000000728d00000, 0x0000000728d00000| Untracked 
|  64|0x0000000728e00000, 0x0000000728e00000, 0x0000000728f00000|  0%| F|  |TAMS 0x0000000728e00000, 0x0000000728e00000| Untracked 
|  65|0x0000000728f00000, 0x0000000728f00000, 0x0000000729000000|  0%| F|  |TAMS 0x0000000728f00000, 0x0000000728f00000| Untracked 
|  66|0x0000000729000000, 0x0000000729000000, 0x0000000729100000|  0%| F|  |TAMS 0x0000000729000000, 0x0000000729000000| Untracked 
|  67|0x0000000729100000, 0x0000000729100000, 0x0000000729200000|  0%| F|  |TAMS 0x0000000729100000, 0x0000000729100000| Untracked 
|  68|0x0000000729200000, 0x0000000729200000, 0x0000000729300000|  0%| F|  |TAMS 0x0000000729200000, 0x0000000729200000| Untracked 
|  69|0x0000000729300000, 0x0000000729300000, 0x0000000729400000|  0%| F|  |TAMS 0x0000000729300000, 0x0000000729300000| Untracked 
|  70|0x0000000729400000, 0x0000000729400000, 0x0000000729500000|  0%| F|  |TAMS 0x0000000729400000, 0x0000000729400000| Untracked 
|  71|0x0000000729500000, 0x0000000729500000, 0x0000000729600000|  0%| F|  |TAMS 0x0000000729500000, 0x0000000729500000| Untracked 
|  72|0x0000000729600000, 0x0000000729600000, 0x0000000729700000|  0%| F|  |TAMS 0x0000000729600000, 0x0000000729600000| Untracked 
|  73|0x0000000729700000, 0x0000000729700000, 0x0000000729800000|  0%| F|  |TAMS 0x0000000729700000, 0x0000000729700000| Untracked 
|  74|0x0000000729800000, 0x0000000729800000, 0x0000000729900000|  0%| F|  |TAMS 0x0000000729800000, 0x0000000729800000| Untracked 
|  75|0x0000000729900000, 0x0000000729900000, 0x0000000729a00000|  0%| F|  |TAMS 0x0000000729900000, 0x0000000729900000| Untracked 
|  76|0x0000000729a00000, 0x0000000729a00000, 0x0000000729b00000|  0%| F|  |TAMS 0x0000000729a00000, 0x0000000729a00000| Untracked 
|  77|0x0000000729b00000, 0x0000000729b00000, 0x0000000729c00000|  0%| F|  |TAMS 0x0000000729b00000, 0x0000000729b00000| Untracked 
|  78|0x0000000729c00000, 0x0000000729c00000, 0x0000000729d00000|  0%| F|  |TAMS 0x0000000729c00000, 0x0000000729c00000| Untracked 
|  79|0x0000000729d00000, 0x0000000729d00000, 0x0000000729e00000|  0%| F|  |TAMS 0x0000000729d00000, 0x0000000729d00000| Untracked 
|  80|0x0000000729e00000, 0x0000000729e00000, 0x0000000729f00000|  0%| F|  |TAMS 0x0000000729e00000, 0x0000000729e00000| Untracked 
|  81|0x0000000729f00000, 0x0000000729f00000, 0x000000072a000000|  0%| F|  |TAMS 0x0000000729f00000, 0x0000000729f00000| Untracked 
|  82|0x000000072a000000, 0x000000072a000000, 0x000000072a100000|  0%| F|  |TAMS 0x000000072a000000, 0x000000072a000000| Untracked 
|  83|0x000000072a100000, 0x000000072a100000, 0x000000072a200000|  0%| F|  |TAMS 0x000000072a100000, 0x000000072a100000| Untracked 
|  84|0x000000072a200000, 0x000000072a200000, 0x000000072a300000|  0%| F|  |TAMS 0x000000072a200000, 0x000000072a200000| Untracked 
|  85|0x000000072a300000, 0x000000072a300000, 0x000000072a400000|  0%| F|  |TAMS 0x000000072a300000, 0x000000072a300000| Untracked 
|  86|0x000000072a400000, 0x000000072a400000, 0x000000072a500000|  0%| F|  |TAMS 0x000000072a400000, 0x000000072a400000| Untracked 
|  87|0x000000072a500000, 0x000000072a500000, 0x000000072a600000|  0%| F|  |TAMS 0x000000072a500000, 0x000000072a500000| Untracked 
|  88|0x000000072a600000, 0x000000072a622438, 0x000000072a700000| 13%| S|CS|TAMS 0x000000072a600000, 0x000000072a600000| Complete 
|  89|0x000000072a700000, 0x000000072a800000, 0x000000072a800000|100%| S|CS|TAMS 0x000000072a700000, 0x000000072a700000| Complete 
|  90|0x000000072a800000, 0x000000072a900000, 0x000000072a900000|100%| S|CS|TAMS 0x000000072a800000, 0x000000072a800000| Complete 
|  91|0x000000072a900000, 0x000000072aa00000, 0x000000072aa00000|100%| S|CS|TAMS 0x000000072a900000, 0x000000072a900000| Complete 
|  92|0x000000072aa00000, 0x000000072aa00000, 0x000000072ab00000|  0%| F|  |TAMS 0x000000072aa00000, 0x000000072aa00000| Untracked 
|  93|0x000000072ab00000, 0x000000072ab00000, 0x000000072ac00000|  0%| F|  |TAMS 0x000000072ab00000, 0x000000072ab00000| Untracked 
|  94|0x000000072ac00000, 0x000000072ac00000, 0x000000072ad00000|  0%| F|  |TAMS 0x000000072ac00000, 0x000000072ac00000| Untracked 
|  95|0x000000072ad00000, 0x000000072ad00000, 0x000000072ae00000|  0%| F|  |TAMS 0x000000072ad00000, 0x000000072ad00000| Untracked 
|  96|0x000000072ae00000, 0x000000072ae00000, 0x000000072af00000|  0%| F|  |TAMS 0x000000072ae00000, 0x000000072ae00000| Untracked 
|  97|0x000000072af00000, 0x000000072af00000, 0x000000072b000000|  0%| F|  |TAMS 0x000000072af00000, 0x000000072af00000| Untracked 
|  98|0x000000072b000000, 0x000000072b000000, 0x000000072b100000|  0%| F|  |TAMS 0x000000072b000000, 0x000000072b000000| Untracked 
|  99|0x000000072b100000, 0x000000072b200000, 0x000000072b200000|100%| S|CS|TAMS 0x000000072b100000, 0x000000072b100000| Complete 
| 100|0x000000072b200000, 0x000000072b300000, 0x000000072b300000|100%| S|CS|TAMS 0x000000072b200000, 0x000000072b200000| Complete 
| 101|0x000000072b300000, 0x000000072b400000, 0x000000072b400000|100%| S|CS|TAMS 0x000000072b300000, 0x000000072b300000| Complete 
| 102|0x000000072b400000, 0x000000072b400000, 0x000000072b500000|  0%| F|  |TAMS 0x000000072b400000, 0x000000072b400000| Untracked 
| 103|0x000000072b500000, 0x000000072b500000, 0x000000072b600000|  0%| F|  |TAMS 0x000000072b500000, 0x000000072b500000| Untracked 
| 104|0x000000072b600000, 0x000000072b600000, 0x000000072b700000|  0%| F|  |TAMS 0x000000072b600000, 0x000000072b600000| Untracked 
| 105|0x000000072b700000, 0x000000072b700000, 0x000000072b800000|  0%| F|  |TAMS 0x000000072b700000, 0x000000072b700000| Untracked 
| 106|0x000000072b800000, 0x000000072b800000, 0x000000072b900000|  0%| F|  |TAMS 0x000000072b800000, 0x000000072b800000| Untracked 
| 107|0x000000072b900000, 0x000000072b900000, 0x000000072ba00000|  0%| F|  |TAMS 0x000000072b900000, 0x000000072b900000| Untracked 
| 108|0x000000072ba00000, 0x000000072ba00000, 0x000000072bb00000|  0%| F|  |TAMS 0x000000072ba00000, 0x000000072ba00000| Untracked 
| 109|0x000000072bb00000, 0x000000072bb00000, 0x000000072bc00000|  0%| F|  |TAMS 0x000000072bb00000, 0x000000072bb00000| Untracked 
| 110|0x000000072bc00000, 0x000000072bc00000, 0x000000072bd00000|  0%| F|  |TAMS 0x000000072bc00000, 0x000000072bc00000| Untracked 
| 111|0x000000072bd00000, 0x000000072bd00000, 0x000000072be00000|  0%| F|  |TAMS 0x000000072bd00000, 0x000000072bd00000| Untracked 
| 112|0x000000072be00000, 0x000000072be00000, 0x000000072bf00000|  0%| F|  |TAMS 0x000000072be00000, 0x000000072be00000| Untracked 
| 113|0x000000072bf00000, 0x000000072bf00000, 0x000000072c000000|  0%| F|  |TAMS 0x000000072bf00000, 0x000000072bf00000| Untracked 
| 114|0x000000072c000000, 0x000000072c000000, 0x000000072c100000|  0%| F|  |TAMS 0x000000072c000000, 0x000000072c000000| Untracked 
| 115|0x000000072c100000, 0x000000072c100000, 0x000000072c200000|  0%| F|  |TAMS 0x000000072c100000, 0x000000072c100000| Untracked 
| 116|0x000000072c200000, 0x000000072c200000, 0x000000072c300000|  0%| F|  |TAMS 0x000000072c200000, 0x000000072c200000| Untracked 
| 117|0x000000072c300000, 0x000000072c300000, 0x000000072c400000|  0%| F|  |TAMS 0x000000072c300000, 0x000000072c300000| Untracked 
| 118|0x000000072c400000, 0x000000072c400000, 0x000000072c500000|  0%| F|  |TAMS 0x000000072c400000, 0x000000072c400000| Untracked 
| 119|0x000000072c500000, 0x000000072c500000, 0x000000072c600000|  0%| F|  |TAMS 0x000000072c500000, 0x000000072c500000| Untracked 
| 120|0x000000072c600000, 0x000000072c600000, 0x000000072c700000|  0%| F|  |TAMS 0x000000072c600000, 0x000000072c600000| Untracked 
| 121|0x000000072c700000, 0x000000072c700000, 0x000000072c800000|  0%| F|  |TAMS 0x000000072c700000, 0x000000072c700000| Untracked 
| 122|0x000000072c800000, 0x000000072c800000, 0x000000072c900000|  0%| F|  |TAMS 0x000000072c800000, 0x000000072c800000| Untracked 
| 123|0x000000072c900000, 0x000000072c900000, 0x000000072ca00000|  0%| F|  |TAMS 0x000000072c900000, 0x000000072c900000| Untracked 
| 124|0x000000072ca00000, 0x000000072ca00000, 0x000000072cb00000|  0%| F|  |TAMS 0x000000072ca00000, 0x000000072ca00000| Untracked 
| 125|0x000000072cb00000, 0x000000072cb00000, 0x000000072cc00000|  0%| F|  |TAMS 0x000000072cb00000, 0x000000072cb00000| Untracked 
| 126|0x000000072cc00000, 0x000000072cc00000, 0x000000072cd00000|  0%| F|  |TAMS 0x000000072cc00000, 0x000000072cc00000| Untracked 
| 127|0x000000072cd00000, 0x000000072cd00000, 0x000000072ce00000|  0%| F|  |TAMS 0x000000072cd00000, 0x000000072cd00000| Untracked 
| 128|0x000000072ce00000, 0x000000072ce00000, 0x000000072cf00000|  0%| F|  |TAMS 0x000000072ce00000, 0x000000072ce00000| Untracked 
| 129|0x000000072cf00000, 0x000000072cf00000, 0x000000072d000000|  0%| F|  |TAMS 0x000000072cf00000, 0x000000072cf00000| Untracked 
| 130|0x000000072d000000, 0x000000072d000000, 0x000000072d100000|  0%| F|  |TAMS 0x000000072d000000, 0x000000072d000000| Untracked 
| 131|0x000000072d100000, 0x000000072d100000, 0x000000072d200000|  0%| F|  |TAMS 0x000000072d100000, 0x000000072d100000| Untracked 
| 132|0x000000072d200000, 0x000000072d200000, 0x000000072d300000|  0%| F|  |TAMS 0x000000072d200000, 0x000000072d200000| Untracked 
| 133|0x000000072d300000, 0x000000072d300000, 0x000000072d400000|  0%| F|  |TAMS 0x000000072d300000, 0x000000072d300000| Untracked 
| 134|0x000000072d400000, 0x000000072d400000, 0x000000072d500000|  0%| F|  |TAMS 0x000000072d400000, 0x000000072d400000| Untracked 
| 135|0x000000072d500000, 0x000000072d500000, 0x000000072d600000|  0%| F|  |TAMS 0x000000072d500000, 0x000000072d500000| Untracked 
| 136|0x000000072d600000, 0x000000072d600000, 0x000000072d700000|  0%| F|  |TAMS 0x000000072d600000, 0x000000072d600000| Untracked 
| 137|0x000000072d700000, 0x000000072d700000, 0x000000072d800000|  0%| F|  |TAMS 0x000000072d700000, 0x000000072d700000| Untracked 
| 138|0x000000072d800000, 0x000000072d800000, 0x000000072d900000|  0%| F|  |TAMS 0x000000072d800000, 0x000000072d800000| Untracked 
| 139|0x000000072d900000, 0x000000072d900000, 0x000000072da00000|  0%| F|  |TAMS 0x000000072d900000, 0x000000072d900000| Untracked 
| 140|0x000000072da00000, 0x000000072da00000, 0x000000072db00000|  0%| F|  |TAMS 0x000000072da00000, 0x000000072da00000| Untracked 
| 141|0x000000072db00000, 0x000000072db00000, 0x000000072dc00000|  0%| F|  |TAMS 0x000000072db00000, 0x000000072db00000| Untracked 
| 142|0x000000072dc00000, 0x000000072dc00000, 0x000000072dd00000|  0%| F|  |TAMS 0x000000072dc00000, 0x000000072dc00000| Untracked 
| 143|0x000000072dd00000, 0x000000072dd00000, 0x000000072de00000|  0%| F|  |TAMS 0x000000072dd00000, 0x000000072dd00000| Untracked 
| 144|0x000000072de00000, 0x000000072de00000, 0x000000072df00000|  0%| F|  |TAMS 0x000000072de00000, 0x000000072de00000| Untracked 
| 145|0x000000072df00000, 0x000000072df00000, 0x000000072e000000|  0%| F|  |TAMS 0x000000072df00000, 0x000000072df00000| Untracked 
| 146|0x000000072e000000, 0x000000072e000000, 0x000000072e100000|  0%| F|  |TAMS 0x000000072e000000, 0x000000072e000000| Untracked 
| 147|0x000000072e100000, 0x000000072e100000, 0x000000072e200000|  0%| F|  |TAMS 0x000000072e100000, 0x000000072e100000| Untracked 
| 148|0x000000072e200000, 0x000000072e200000, 0x000000072e300000|  0%| F|  |TAMS 0x000000072e200000, 0x000000072e200000| Untracked 
| 149|0x000000072e300000, 0x000000072e300000, 0x000000072e400000|  0%| F|  |TAMS 0x000000072e300000, 0x000000072e300000| Untracked 
| 150|0x000000072e400000, 0x000000072e400000, 0x000000072e500000|  0%| F|  |TAMS 0x000000072e400000, 0x000000072e400000| Untracked 
| 151|0x000000072e500000, 0x000000072e500000, 0x000000072e600000|  0%| F|  |TAMS 0x000000072e500000, 0x000000072e500000| Untracked 
| 152|0x000000072e600000, 0x000000072e600000, 0x000000072e700000|  0%| F|  |TAMS 0x000000072e600000, 0x000000072e600000| Untracked 
| 153|0x000000072e700000, 0x000000072e700000, 0x000000072e800000|  0%| F|  |TAMS 0x000000072e700000, 0x000000072e700000| Untracked 
| 154|0x000000072e800000, 0x000000072e800000, 0x000000072e900000|  0%| F|  |TAMS 0x000000072e800000, 0x000000072e800000| Untracked 
| 155|0x000000072e900000, 0x000000072e900000, 0x000000072ea00000|  0%| F|  |TAMS 0x000000072e900000, 0x000000072e900000| Untracked 
| 156|0x000000072ea00000, 0x000000072ea00000, 0x000000072eb00000|  0%| F|  |TAMS 0x000000072ea00000, 0x000000072ea00000| Untracked 
| 157|0x000000072eb00000, 0x000000072eb00000, 0x000000072ec00000|  0%| F|  |TAMS 0x000000072eb00000, 0x000000072eb00000| Untracked 
| 158|0x000000072ec00000, 0x000000072ec00000, 0x000000072ed00000|  0%| F|  |TAMS 0x000000072ec00000, 0x000000072ec00000| Untracked 
| 159|0x000000072ed00000, 0x000000072ed00000, 0x000000072ee00000|  0%| F|  |TAMS 0x000000072ed00000, 0x000000072ed00000| Untracked 
| 160|0x000000072ee00000, 0x000000072ee00000, 0x000000072ef00000|  0%| F|  |TAMS 0x000000072ee00000, 0x000000072ee00000| Untracked 
| 161|0x000000072ef00000, 0x000000072ef00000, 0x000000072f000000|  0%| F|  |TAMS 0x000000072ef00000, 0x000000072ef00000| Untracked 
| 162|0x000000072f000000, 0x000000072f000000, 0x000000072f100000|  0%| F|  |TAMS 0x000000072f000000, 0x000000072f000000| Untracked 
| 163|0x000000072f100000, 0x000000072f100000, 0x000000072f200000|  0%| F|  |TAMS 0x000000072f100000, 0x000000072f100000| Untracked 
| 164|0x000000072f200000, 0x000000072f200000, 0x000000072f300000|  0%| F|  |TAMS 0x000000072f200000, 0x000000072f200000| Untracked 
| 165|0x000000072f300000, 0x000000072f300000, 0x000000072f400000|  0%| F|  |TAMS 0x000000072f300000, 0x000000072f300000| Untracked 
| 166|0x000000072f400000, 0x000000072f400000, 0x000000072f500000|  0%| F|  |TAMS 0x000000072f400000, 0x000000072f400000| Untracked 
| 167|0x000000072f500000, 0x000000072f500000, 0x000000072f600000|  0%| F|  |TAMS 0x000000072f500000, 0x000000072f500000| Untracked 
| 168|0x000000072f600000, 0x000000072f600000, 0x000000072f700000|  0%| F|  |TAMS 0x000000072f600000, 0x000000072f600000| Untracked 
| 169|0x000000072f700000, 0x000000072f700000, 0x000000072f800000|  0%| F|  |TAMS 0x000000072f700000, 0x000000072f700000| Untracked 
| 170|0x000000072f800000, 0x000000072f800000, 0x000000072f900000|  0%| F|  |TAMS 0x000000072f800000, 0x000000072f800000| Untracked 
| 171|0x000000072f900000, 0x000000072f900000, 0x000000072fa00000|  0%| F|  |TAMS 0x000000072f900000, 0x000000072f900000| Untracked 
| 172|0x000000072fa00000, 0x000000072fa00000, 0x000000072fb00000|  0%| F|  |TAMS 0x000000072fa00000, 0x000000072fa00000| Untracked 
| 173|0x000000072fb00000, 0x000000072fb00000, 0x000000072fc00000|  0%| F|  |TAMS 0x000000072fb00000, 0x000000072fb00000| Untracked 
| 174|0x000000072fc00000, 0x000000072fc00000, 0x000000072fd00000|  0%| F|  |TAMS 0x000000072fc00000, 0x000000072fc00000| Untracked 
| 175|0x000000072fd00000, 0x000000072fd00000, 0x000000072fe00000|  0%| F|  |TAMS 0x000000072fd00000, 0x000000072fd00000| Untracked 
| 176|0x000000072fe00000, 0x000000072fe00000, 0x000000072ff00000|  0%| F|  |TAMS 0x000000072fe00000, 0x000000072fe00000| Untracked 
| 177|0x000000072ff00000, 0x000000072ff00000, 0x0000000730000000|  0%| F|  |TAMS 0x000000072ff00000, 0x000000072ff00000| Untracked 
| 178|0x0000000730000000, 0x0000000730000000, 0x0000000730100000|  0%| F|  |TAMS 0x0000000730000000, 0x0000000730000000| Untracked 
| 179|0x0000000730100000, 0x0000000730100000, 0x0000000730200000|  0%| F|  |TAMS 0x0000000730100000, 0x0000000730100000| Untracked 
| 180|0x0000000730200000, 0x0000000730200000, 0x0000000730300000|  0%| F|  |TAMS 0x0000000730200000, 0x0000000730200000| Untracked 
| 181|0x0000000730300000, 0x0000000730300000, 0x0000000730400000|  0%| F|  |TAMS 0x0000000730300000, 0x0000000730300000| Untracked 
| 182|0x0000000730400000, 0x0000000730400000, 0x0000000730500000|  0%| F|  |TAMS 0x0000000730400000, 0x0000000730400000| Untracked 
| 183|0x0000000730500000, 0x0000000730500000, 0x0000000730600000|  0%| F|  |TAMS 0x0000000730500000, 0x0000000730500000| Untracked 
| 184|0x0000000730600000, 0x0000000730600000, 0x0000000730700000|  0%| F|  |TAMS 0x0000000730600000, 0x0000000730600000| Untracked 
| 185|0x0000000730700000, 0x0000000730700000, 0x0000000730800000|  0%| F|  |TAMS 0x0000000730700000, 0x0000000730700000| Untracked 
| 186|0x0000000730800000, 0x0000000730800000, 0x0000000730900000|  0%| F|  |TAMS 0x0000000730800000, 0x0000000730800000| Untracked 
| 187|0x0000000730900000, 0x0000000730900000, 0x0000000730a00000|  0%| F|  |TAMS 0x0000000730900000, 0x0000000730900000| Untracked 
| 188|0x0000000730a00000, 0x0000000730a00000, 0x0000000730b00000|  0%| F|  |TAMS 0x0000000730a00000, 0x0000000730a00000| Untracked 
| 189|0x0000000730b00000, 0x0000000730b00000, 0x0000000730c00000|  0%| F|  |TAMS 0x0000000730b00000, 0x0000000730b00000| Untracked 
| 190|0x0000000730c00000, 0x0000000730c00000, 0x0000000730d00000|  0%| F|  |TAMS 0x0000000730c00000, 0x0000000730c00000| Untracked 
| 191|0x0000000730d00000, 0x0000000730d00000, 0x0000000730e00000|  0%| F|  |TAMS 0x0000000730d00000, 0x0000000730d00000| Untracked 
| 192|0x0000000730e00000, 0x0000000730e00000, 0x0000000730f00000|  0%| F|  |TAMS 0x0000000730e00000, 0x0000000730e00000| Untracked 
| 193|0x0000000730f00000, 0x0000000730f00000, 0x0000000731000000|  0%| F|  |TAMS 0x0000000730f00000, 0x0000000730f00000| Untracked 
| 194|0x0000000731000000, 0x0000000731000000, 0x0000000731100000|  0%| F|  |TAMS 0x0000000731000000, 0x0000000731000000| Untracked 
| 195|0x0000000731100000, 0x0000000731100000, 0x0000000731200000|  0%| F|  |TAMS 0x0000000731100000, 0x0000000731100000| Untracked 
| 196|0x0000000731200000, 0x0000000731200000, 0x0000000731300000|  0%| F|  |TAMS 0x0000000731200000, 0x0000000731200000| Untracked 
| 197|0x0000000731300000, 0x0000000731300000, 0x0000000731400000|  0%| F|  |TAMS 0x0000000731300000, 0x0000000731300000| Untracked 
| 198|0x0000000731400000, 0x0000000731400000, 0x0000000731500000|  0%| F|  |TAMS 0x0000000731400000, 0x0000000731400000| Untracked 
| 199|0x0000000731500000, 0x0000000731500000, 0x0000000731600000|  0%| F|  |TAMS 0x0000000731500000, 0x0000000731500000| Untracked 
| 200|0x0000000731600000, 0x0000000731600000, 0x0000000731700000|  0%| F|  |TAMS 0x0000000731600000, 0x0000000731600000| Untracked 
| 201|0x0000000731700000, 0x0000000731700000, 0x0000000731800000|  0%| F|  |TAMS 0x0000000731700000, 0x0000000731700000| Untracked 
| 202|0x0000000731800000, 0x0000000731800000, 0x0000000731900000|  0%| F|  |TAMS 0x0000000731800000, 0x0000000731800000| Untracked 
| 203|0x0000000731900000, 0x0000000731900000, 0x0000000731a00000|  0%| F|  |TAMS 0x0000000731900000, 0x0000000731900000| Untracked 
| 204|0x0000000731a00000, 0x0000000731a00000, 0x0000000731b00000|  0%| F|  |TAMS 0x0000000731a00000, 0x0000000731a00000| Untracked 
| 205|0x0000000731b00000, 0x0000000731b00000, 0x0000000731c00000|  0%| F|  |TAMS 0x0000000731b00000, 0x0000000731b00000| Untracked 
| 206|0x0000000731c00000, 0x0000000731c00000, 0x0000000731d00000|  0%| F|  |TAMS 0x0000000731c00000, 0x0000000731c00000| Untracked 
| 207|0x0000000731d00000, 0x0000000731d00000, 0x0000000731e00000|  0%| F|  |TAMS 0x0000000731d00000, 0x0000000731d00000| Untracked 
| 208|0x0000000731e00000, 0x0000000731e00000, 0x0000000731f00000|  0%| F|  |TAMS 0x0000000731e00000, 0x0000000731e00000| Untracked 
| 209|0x0000000731f00000, 0x0000000731f00000, 0x0000000732000000|  0%| F|  |TAMS 0x0000000731f00000, 0x0000000731f00000| Untracked 
| 210|0x0000000732000000, 0x0000000732000000, 0x0000000732100000|  0%| F|  |TAMS 0x0000000732000000, 0x0000000732000000| Untracked 
| 211|0x0000000732100000, 0x0000000732100000, 0x0000000732200000|  0%| F|  |TAMS 0x0000000732100000, 0x0000000732100000| Untracked 
| 212|0x0000000732200000, 0x0000000732200000, 0x0000000732300000|  0%| F|  |TAMS 0x0000000732200000, 0x0000000732200000| Untracked 
| 213|0x0000000732300000, 0x0000000732300000, 0x0000000732400000|  0%| F|  |TAMS 0x0000000732300000, 0x0000000732300000| Untracked 
| 214|0x0000000732400000, 0x0000000732400000, 0x0000000732500000|  0%| F|  |TAMS 0x0000000732400000, 0x0000000732400000| Untracked 
| 215|0x0000000732500000, 0x0000000732500000, 0x0000000732600000|  0%| F|  |TAMS 0x0000000732500000, 0x0000000732500000| Untracked 
| 216|0x0000000732600000, 0x0000000732600000, 0x0000000732700000|  0%| F|  |TAMS 0x0000000732600000, 0x0000000732600000| Untracked 
| 217|0x0000000732700000, 0x0000000732700000, 0x0000000732800000|  0%| F|  |TAMS 0x0000000732700000, 0x0000000732700000| Untracked 
| 218|0x0000000732800000, 0x0000000732800000, 0x0000000732900000|  0%| F|  |TAMS 0x0000000732800000, 0x0000000732800000| Untracked 
| 219|0x0000000732900000, 0x0000000732900000, 0x0000000732a00000|  0%| F|  |TAMS 0x0000000732900000, 0x0000000732900000| Untracked 

Card table byte_map: [0x000002009f4f0000,0x000002009fbd0000] _byte_map_base: 0x000002009bbc9000

Marking Bits (Prev, Next): (CMBitMap*) 0x0000020086e3c0b0, (CMBitMap*) 0x0000020086e3c078
 Prev Bits: [0x00000200a3980000, 0x00000200a7048000)
 Next Bits: [0x00000200a02b0000, 0x00000200a3978000)

Polling page: 0x0000020084d20000

Metaspace:

Usage:
  Non-class:     54.66 MB capacity,    53.35 MB ( 98%) used,     1.06 MB (  2%) free+waste,   255.81 KB ( <1%) overhead. 
      Class:      8.81 MB capacity,     7.96 MB ( 90%) used,   737.85 KB (  8%) free+waste,   128.19 KB (  1%) overhead. 
       Both:     63.47 MB capacity,    61.31 MB ( 97%) used,     1.78 MB (  3%) free+waste,   384.00 KB ( <1%) overhead. 

Virtual space:
  Non-class space:       64.00 MB reserved,      54.67 MB ( 85%) committed 
      Class space:        1.00 GB reserved,       8.88 MB ( <1%) committed 
             Both:        1.06 GB reserved,      63.55 MB (  6%) committed 

Chunk freelists:
   Non-Class:  9.00 KB
       Class:  0 bytes
        Both:  9.00 KB

MaxMetaspaceSize: 17179869184.00 GB
CompressedClassSpaceSize: 1.00 GB
Initial GC threshold: 20.80 MB
Current GC threshold: 98.74 MB
CDS: on

CodeHeap 'non-profiled nmethods': size=233856Kb used=15463Kb max_used=15463Kb free=218392Kb
 bounds [0x0000020090120000, 0x0000020091040000, 0x000002009e580000]
CodeHeap 'non-nmethods': size=11904Kb used=1351Kb max_used=1351Kb free=10552Kb
 bounds [0x000002008f580000, 0x000002008f7f0000, 0x0000020090120000]
 total_blobs=9978 nmethods=9311 adapters=592
 compilation: enabled
              stopped_count=0, restarted_count=0
 full_count=0

Compilation events (20 events):
Event: 15303.776 Thread 0x00000200aa16f000 9302       1       java.lang.StringConcatHelper::mixLen (10 bytes)
Event: 15303.777 Thread 0x00000200aa16f000 nmethod 9302 0x0000020091032a90 code [0x0000020091032c60, 0x0000020091032dd8]
Event: 15303.777 Thread 0x00000200aa16f000 9303       1       java.lang.StringConcatHelper::prepend (18 bytes)
Event: 15303.779 Thread 0x00000200aa16f000 nmethod 9303 0x0000020091032e90 code [0x0000020091033040, 0x0000020091033138]
Event: 15303.779 Thread 0x00000200aa16f000 9304   !   1       javax.management.remote.rmi.RMIConnectionImpl::doPrivilegedOperation (171 bytes)
Event: 15303.789 Thread 0x00000200aa16f000 nmethod 9304 0x0000020091033210 code [0x00000200910334a0, 0x0000020091033bc8]
Event: 15303.789 Thread 0x00000200aa16f000 9305   !   1       com.sun.jmx.remote.internal.ServerCommunicatorAdmin::reqIncoming (65 bytes)
Event: 15303.795 Thread 0x00000200aa16f000 nmethod 9305 0x0000020091034310 code [0x0000020091034500, 0x00000200910348c8]
Event: 15303.795 Thread 0x00000200aa16f000 9306       1       javax.management.remote.rmi.RMIConnectionImpl$PrivilegedOperation::<init> (20 bytes)
Event: 15303.795 Thread 0x00000200aa16f000 nmethod 9306 0x0000020091034a90 code [0x0000020091034c40, 0x0000020091034dd8]
Event: 15303.795 Thread 0x00000200aa16f000 9307       1       javax.management.remote.rmi.RMIConnectionImpl$PrivilegedOperation::run (16 bytes)
Event: 15303.795 Thread 0x00000200aa16f000 nmethod 9307 0x0000020091034e90 code [0x0000020091035040, 0x0000020091035148]
Event: 15303.795 Thread 0x00000200aa16f000 9308       1       javax.management.remote.rmi.RMIConnectionImpl::doOperation (682 bytes)
Event: 15303.806 Thread 0x00000200aa16f000 nmethod 9308 0x0000020091035210 code [0x0000020091035700, 0x0000020091037568]
Event: 15303.806 Thread 0x00000200aa16f000 9309   !   1       com.sun.jmx.remote.internal.ServerCommunicatorAdmin::rspOutgoing (76 bytes)
Event: 15303.812 Thread 0x00000200aa16f000 nmethod 9309 0x0000020091038590 code [0x0000020091038820, 0x0000020091038f58]
Event: 15573.439 Thread 0x00000200aa16f000 9310       1       com.alibaba.nacos.shaded.io.grpc.netty.shaded.io.netty.buffer.PoolThreadCache::log2 (19 bytes)
Event: 15573.440 Thread 0x00000200aa16f000 nmethod 9310 0x0000020091039690 code [0x0000020091039840, 0x00000200910398f8]
Event: 15739.549 Thread 0x00000200aa16f000 9311       1       com.alibaba.nacos.shaded.com.google.common.base.Objects::equal (23 bytes)
Event: 15739.584 Thread 0x00000200aa16f000 nmethod 9311 0x0000020091039990 code [0x0000020091039b40, 0x0000020091039c48]

GC Heap History (20 events):
Event: 11.722 GC heap before
{Heap before GC invocations=2 (full 0):
 garbage-first heap   total 225280K, used 56897K [0x0000000724e00000, 0x0000000800000000)
  region size 1024K, 46 young (47104K), 2 survivors (2048K)
 Metaspace       used 16394K, capacity 17200K, committed 17536K, reserved 1064960K
  class space    used 2254K, capacity 2562K, committed 2688K, reserved 1048576K
}
Event: 11.726 GC heap after
{Heap after GC invocations=3 (full 0):
 garbage-first heap   total 225280K, used 13959K [0x0000000724e00000, 0x0000000800000000)
  region size 1024K, 4 young (4096K), 4 survivors (4096K)
 Metaspace       used 16394K, capacity 17200K, committed 17536K, reserved 1064960K
  class space    used 2254K, capacity 2562K, committed 2688K, reserved 1048576K
}
Event: 11.849 GC heap before
{Heap before GC invocations=3 (full 0):
 garbage-first heap   total 225280K, used 42631K [0x0000000724e00000, 0x0000000800000000)
  region size 1024K, 33 young (33792K), 4 survivors (4096K)
 Metaspace       used 20339K, capacity 21184K, committed 21296K, reserved 1067008K
  class space    used 2779K, capacity 3142K, committed 3200K, reserved 1048576K
}
Event: 11.853 GC heap after
{Heap after GC invocations=4 (full 0):
 garbage-first heap   total 225280K, used 15056K [0x0000000724e00000, 0x0000000800000000)
  region size 1024K, 5 young (5120K), 5 survivors (5120K)
 Metaspace       used 20339K, capacity 21184K, committed 21296K, reserved 1067008K
  class space    used 2779K, capacity 3142K, committed 3200K, reserved 1048576K
}
Event: 12.667 GC heap before
{Heap before GC invocations=5 (full 0):
 garbage-first heap   total 225280K, used 145104K [0x0000000724e00000, 0x0000000800000000)
  region size 1024K, 132 young (135168K), 5 survivors (5120K)
 Metaspace       used 28243K, capacity 29264K, committed 29360K, reserved 1075200K
  class space    used 3820K, capacity 4261K, committed 4352K, reserved 1048576K
}
Event: 12.673 GC heap after
{Heap after GC invocations=6 (full 0):
 garbage-first heap   total 225280K, used 19682K [0x0000000724e00000, 0x0000000800000000)
  region size 1024K, 9 young (9216K), 9 survivors (9216K)
 Metaspace       used 28243K, capacity 29264K, committed 29360K, reserved 1075200K
  class space    used 3820K, capacity 4261K, committed 4352K, reserved 1048576K
}
Event: 22.743 GC heap before
{Heap before GC invocations=6 (full 0):
 garbage-first heap   total 225280K, used 116962K [0x0000000724e00000, 0x0000000800000000)
  region size 1024K, 101 young (103424K), 9 survivors (9216K)
 Metaspace       used 34454K, capacity 35769K, committed 35888K, reserved 1079296K
  class space    used 4652K, capacity 5184K, committed 5248K, reserved 1048576K
}
Event: 22.755 GC heap after
{Heap after GC invocations=7 (full 0):
 garbage-first heap   total 225280K, used 23588K [0x0000000724e00000, 0x0000000800000000)
  region size 1024K, 13 young (13312K), 13 survivors (13312K)
 Metaspace       used 34454K, capacity 35769K, committed 35888K, reserved 1079296K
  class space    used 4652K, capacity 5184K, committed 5248K, reserved 1048576K
}
Event: 34.287 GC heap before
{Heap before GC invocations=8 (full 0):
 garbage-first heap   total 225280K, used 145444K [0x0000000724e00000, 0x0000000800000000)
  region size 1024K, 132 young (135168K), 13 survivors (13312K)
 Metaspace       used 45803K, capacity 47483K, committed 47536K, reserved 1089536K
  class space    used 6000K, capacity 6651K, committed 6656K, reserved 1048576K
}
Event: 34.295 GC heap after
{Heap after GC invocations=9 (full 0):
 garbage-first heap   total 225280K, used 29807K [0x0000000724e00000, 0x0000000800000000)
  region size 1024K, 15 young (15360K), 15 survivors (15360K)
 Metaspace       used 45803K, capacity 47483K, committed 47536K, reserved 1089536K
  class space    used 6000K, capacity 6651K, committed 6656K, reserved 1048576K
}
Event: 34.789 GC heap before
{Heap before GC invocations=9 (full 0):
 garbage-first heap   total 225280K, used 149615K [0x0000000724e00000, 0x0000000800000000)
  region size 1024K, 132 young (135168K), 15 survivors (15360K)
 Metaspace       used 53928K, capacity 55729K, committed 55856K, reserved 1097728K
  class space    used 7038K, capacity 7764K, committed 7808K, reserved 1048576K
}
Event: 34.796 GC heap after
{Heap after GC invocations=10 (full 0):
 garbage-first heap   total 225280K, used 34793K [0x0000000724e00000, 0x0000000800000000)
  region size 1024K, 13 young (13312K), 13 survivors (13312K)
 Metaspace       used 53928K, capacity 55729K, committed 55856K, reserved 1097728K
  class space    used 7038K, capacity 7764K, committed 7808K, reserved 1048576K
}
Event: 39.454 GC heap before
{Heap before GC invocations=10 (full 0):
 garbage-first heap   total 225280K, used 72681K [0x0000000724e00000, 0x0000000800000000)
  region size 1024K, 51 young (52224K), 13 survivors (13312K)
 Metaspace       used 58286K, capacity 60113K, committed 60208K, reserved 1101824K
  class space    used 7511K, capacity 8244K, committed 8320K, reserved 1048576K
}
Event: 39.460 GC heap after
{Heap after GC invocations=11 (full 0):
 garbage-first heap   total 225280K, used 35488K [0x0000000724e00000, 0x0000000800000000)
  region size 1024K, 6 young (6144K), 6 survivors (6144K)
 Metaspace       used 58286K, capacity 60113K, committed 60208K, reserved 1101824K
  class space    used 7511K, capacity 8244K, committed 8320K, reserved 1048576K
}
Event: 1028.237 GC heap before
{Heap before GC invocations=12 (full 0):
 garbage-first heap   total 225280K, used 163488K [0x0000000724e00000, 0x0000000800000000)
  region size 1024K, 132 young (135168K), 6 survivors (6144K)
 Metaspace       used 62640K, capacity 64906K, committed 65072K, reserved 1105920K
  class space    used 8144K, capacity 9014K, committed 9088K, reserved 1048576K
}
Event: 1028.321 GC heap after
{Heap after GC invocations=13 (full 0):
 garbage-first heap   total 225280K, used 39963K [0x0000000724e00000, 0x0000000800000000)
  region size 1024K, 11 young (11264K), 11 survivors (11264K)
 Metaspace       used 62640K, capacity 64906K, committed 65072K, reserved 1105920K
  class space    used 8144K, capacity 9014K, committed 9088K, reserved 1048576K
}
Event: 6059.762 GC heap before
{Heap before GC invocations=13 (full 0):
 garbage-first heap   total 225280K, used 163867K [0x0000000724e00000, 0x0000000800000000)
  region size 1024K, 132 young (135168K), 11 survivors (11264K)
 Metaspace       used 62739K, capacity 64970K, committed 65072K, reserved 1105920K
  class space    used 8145K, capacity 9014K, committed 9088K, reserved 1048576K
}
Event: 6059.861 GC heap after
{Heap after GC invocations=14 (full 0):
 garbage-first heap   total 225280K, used 40686K [0x0000000724e00000, 0x0000000800000000)
  region size 1024K, 7 young (7168K), 7 survivors (7168K)
 Metaspace       used 62739K, capacity 64970K, committed 65072K, reserved 1105920K
  class space    used 8145K, capacity 9014K, committed 9088K, reserved 1048576K
}
Event: 15739.950 GC heap before
{Heap before GC invocations=14 (full 0):
 garbage-first heap   total 225280K, used 159470K [0x0000000724e00000, 0x0000000800000000)
  region size 1024K, 125 young (128000K), 7 survivors (7168K)
 Metaspace       used 62783K, capacity 64994K, committed 65072K, reserved 1112064K
  class space    used 8152K, capacity 9019K, committed 9088K, reserved 1048576K
}
Event: 15740.334 GC heap after
{Heap after GC invocations=15 (full 0):
 garbage-first heap   total 225280K, used 40107K [0x0000000724e00000, 0x0000000800000000)
  region size 1024K, 7 young (7168K), 7 survivors (7168K)
 Metaspace       used 62783K, capacity 64994K, committed 65072K, reserved 1112064K
  class space    used 8152K, capacity 9019K, committed 9088K, reserved 1048576K
}

Deoptimization events (4 events):
Event: 22.909 Thread 0x0000020086dde800 DEOPT PACKING pc=0x0000020090486e3b sp=0x0000001850ef9040
Event: 22.909 Thread 0x0000020086dde800 DEOPT UNPACKING pc=0x000002008f5ca95e sp=0x0000001850ef8548 mode 3
Event: 39.336 Thread 0x0000020086dde800 DEOPT PACKING pc=0x00000200902e2cec sp=0x0000001850efc130
Event: 39.336 Thread 0x0000020086dde800 DEOPT UNPACKING pc=0x000002008f5ca95e sp=0x0000001850efb648 mode 0

Classes redefined (0 events):
No events

Internal exceptions (20 events):
Event: 15649.925 Thread 0x00000200aeba4800 Exception <a 'java/io/FileNotFoundException'{0x000000072b744f80}> (0x000000072b744f80) thrown at [s\src\hotspot\share\prims\jni.cpp, line 617]
Event: 15659.931 Thread 0x00000200aeba4800 Exception <a 'java/io/FileNotFoundException'{0x000000072b74c4d8}> (0x000000072b74c4d8) thrown at [s\src\hotspot\share\prims\jni.cpp, line 617]
Event: 15659.931 Thread 0x00000200aeba4800 Exception <a 'java/io/FileNotFoundException'{0x000000072b68edc8}> (0x000000072b68edc8) thrown at [s\src\hotspot\share\prims\jni.cpp, line 617]
Event: 15669.942 Thread 0x00000200aeba4800 Exception <a 'java/io/FileNotFoundException'{0x000000072b696320}> (0x000000072b696320) thrown at [s\src\hotspot\share\prims\jni.cpp, line 617]
Event: 15669.942 Thread 0x00000200aeba4800 Exception <a 'java/io/FileNotFoundException'{0x000000072b696ab0}> (0x000000072b696ab0) thrown at [s\src\hotspot\share\prims\jni.cpp, line 617]
Event: 15679.949 Thread 0x00000200aeba4800 Exception <a 'java/io/FileNotFoundException'{0x000000072b69e008}> (0x000000072b69e008) thrown at [s\src\hotspot\share\prims\jni.cpp, line 617]
Event: 15679.949 Thread 0x00000200aeba4800 Exception <a 'java/io/FileNotFoundException'{0x000000072b69e798}> (0x000000072b69e798) thrown at [s\src\hotspot\share\prims\jni.cpp, line 617]
Event: 15689.952 Thread 0x00000200aeba4800 Exception <a 'java/io/FileNotFoundException'{0x000000072b6a5cf0}> (0x000000072b6a5cf0) thrown at [s\src\hotspot\share\prims\jni.cpp, line 617]
Event: 15689.952 Thread 0x00000200aeba4800 Exception <a 'java/io/FileNotFoundException'{0x000000072b6a6480}> (0x000000072b6a6480) thrown at [s\src\hotspot\share\prims\jni.cpp, line 617]
Event: 15699.964 Thread 0x00000200aeba4800 Exception <a 'java/io/FileNotFoundException'{0x000000072b6ad9d8}> (0x000000072b6ad9d8) thrown at [s\src\hotspot\share\prims\jni.cpp, line 617]
Event: 15699.964 Thread 0x00000200aeba4800 Exception <a 'java/io/FileNotFoundException'{0x000000072b6ae168}> (0x000000072b6ae168) thrown at [s\src\hotspot\share\prims\jni.cpp, line 617]
Event: 15709.966 Thread 0x00000200aeba4800 Exception <a 'java/io/FileNotFoundException'{0x000000072b6b56c0}> (0x000000072b6b56c0) thrown at [s\src\hotspot\share\prims\jni.cpp, line 617]
Event: 15709.966 Thread 0x00000200aeba4800 Exception <a 'java/io/FileNotFoundException'{0x000000072b6b5e50}> (0x000000072b6b5e50) thrown at [s\src\hotspot\share\prims\jni.cpp, line 617]
Event: 15719.983 Thread 0x00000200aeba4800 Exception <a 'java/io/FileNotFoundException'{0x000000072b6bd3a8}> (0x000000072b6bd3a8) thrown at [s\src\hotspot\share\prims\jni.cpp, line 617]
Event: 15719.983 Thread 0x00000200aeba4800 Exception <a 'java/io/FileNotFoundException'{0x000000072b6bdb38}> (0x000000072b6bdb38) thrown at [s\src\hotspot\share\prims\jni.cpp, line 617]
Event: 15729.987 Thread 0x00000200aeba4800 Exception <a 'java/io/FileNotFoundException'{0x000000072b6c5090}> (0x000000072b6c5090) thrown at [s\src\hotspot\share\prims\jni.cpp, line 617]
Event: 15729.988 Thread 0x00000200aeba4800 Exception <a 'java/io/FileNotFoundException'{0x000000072b6c5820}> (0x000000072b6c5820) thrown at [s\src\hotspot\share\prims\jni.cpp, line 617]
Event: 15739.523 Thread 0x00000200ae6df000 Exception <a 'java/lang/OutOfMemoryError'{0x000000072b577e70}: unable to create native thread: possibly out of memory or process/resource limits reached> (0x000000072b577e70) thrown at [s\src\hotspot\share\prims\jvm.cpp, line 2927]
Event: 15739.535 Thread 0x00000200ae6df000 Exception <a 'java/lang/OutOfMemoryError'{0x000000072b577e70}> (0x000000072b577e70) thrown at [s\src\hotspot\share\prims\jni.cpp, line 617]
Event: 15739.582 Thread 0x00000200ae6df000 Exception <a 'java/lang/OutOfMemoryError'{0x000000072b578f88}: unable to create native thread: possibly out of memory or process/resource limits reached> (0x000000072b578f88) thrown at [s\src\hotspot\share\prims\jvm.cpp, line 2927]

Events (20 events):
Event: 15728.783 Thread 0x00000200adf10800 Thread added: 0x00000200adf10800
Event: 15733.790 Thread 0x00000200adf14800 Thread exited: 0x00000200adf14800
Event: 15733.792 Executing VM operation: RevokeBias
Event: 15733.792 Executing VM operation: RevokeBias done
Event: 15733.792 Executing VM operation: RevokeBias
Event: 15733.792 Executing VM operation: RevokeBias done
Event: 15733.793 Thread 0x00000200adf14000 Thread added: 0x00000200adf14000
Event: 15738.788 Thread 0x00000200adf10800 Thread exited: 0x00000200adf10800
Event: 15738.805 Executing VM operation: RevokeBias
Event: 15738.805 Executing VM operation: RevokeBias done
Event: 15738.805 Executing VM operation: RevokeBias
Event: 15738.805 Executing VM operation: RevokeBias done
Event: 15738.809 Thread 0x00000200adf11800 Thread added: 0x00000200adf11800
Event: 15739.512 Executing VM operation: RevokeBias
Event: 15739.512 Executing VM operation: RevokeBias done
Event: 15739.513 Executing VM operation: RevokeBias
Event: 15739.513 Executing VM operation: RevokeBias done
Event: 15739.623 Executing VM operation: RevokeBias
Event: 15739.626 Executing VM operation: RevokeBias done
Event: 15739.946 Executing VM operation: CollectForMetadataAllocation


Dynamic libraries:
0x00007ff6946b0000 - 0x00007ff6946be000 	C:\Users\86136\.jdks\ms-11.0.27\bin\java.exe
0x00007fff48cf0000 - 0x00007fff48f07000 	C:\Windows\SYSTEM32\ntdll.dll
0x00007fff47ac0000 - 0x00007fff47b84000 	C:\Windows\System32\KERNEL32.DLL
0x00007fff45f60000 - 0x00007fff46332000 	C:\Windows\System32\KERNELBASE.dll
0x00007fff45de0000 - 0x00007fff45ef1000 	C:\Windows\System32\ucrtbase.dll
0x00007fff1f6a0000 - 0x00007fff1f6b7000 	C:\Users\86136\.jdks\ms-11.0.27\bin\jli.dll
0x00007fff1f6c0000 - 0x00007fff1f6dd000 	C:\Users\86136\.jdks\ms-11.0.27\bin\VCRUNTIME140.dll
0x00007fff47750000 - 0x00007fff47901000 	C:\Windows\System32\USER32.dll
0x00007fff45f00000 - 0x00007fff45f26000 	C:\Windows\System32\win32u.dll
0x00007fff48a90000 - 0x00007fff48ab9000 	C:\Windows\System32\GDI32.dll
0x00007fff465c0000 - 0x00007fff466e3000 	C:\Windows\System32\gdi32full.dll
0x00007fff26230000 - 0x00007fff264cb000 	C:\Windows\WinSxS\amd64_microsoft.windows.common-controls_6595b64144ccf1df_6.0.22621.5415_none_270d77d17387d7da\COMCTL32.dll
0x00007fff46770000 - 0x00007fff4680a000 	C:\Windows\System32\msvcp_win.dll
0x00007fff489b0000 - 0x00007fff48a57000 	C:\Windows\System32\msvcrt.dll
0x00007fff47f20000 - 0x00007fff47f51000 	C:\Windows\System32\IMM32.DLL
0x00007fff3e260000 - 0x00007fff3e26c000 	C:\Users\86136\.jdks\ms-11.0.27\bin\vcruntime140_1.dll
0x00007ffede560000 - 0x00007ffede5ed000 	C:\Users\86136\.jdks\ms-11.0.27\bin\msvcp140.dll
0x00007ffe3c120000 - 0x00007ffe3ccf7000 	C:\Users\86136\.jdks\ms-11.0.27\bin\server\jvm.dll
0x00007fff48b40000 - 0x00007fff48bf1000 	C:\Windows\System32\ADVAPI32.dll
0x00007fff46b60000 - 0x00007fff46c08000 	C:\Windows\System32\sechost.dll
0x00007fff45f30000 - 0x00007fff45f58000 	C:\Windows\System32\bcrypt.dll
0x00007fff47cf0000 - 0x00007fff47e04000 	C:\Windows\System32\RPCRT4.dll
0x00007fff46dc0000 - 0x00007fff46e31000 	C:\Windows\System32\WS2_32.dll
0x00007fff3f990000 - 0x00007fff3f9c4000 	C:\Windows\SYSTEM32\WINMM.dll
0x00007fff3bd90000 - 0x00007fff3bd9a000 	C:\Windows\SYSTEM32\VERSION.dll
0x00007fff44f00000 - 0x00007fff44f18000 	C:\Windows\SYSTEM32\kernel.appcore.dll
0x00007fff1f690000 - 0x00007fff1f6a0000 	C:\Users\86136\.jdks\ms-11.0.27\bin\verify.dll
0x00007fff43560000 - 0x00007fff43793000 	C:\Windows\SYSTEM32\DBGHELP.DLL
0x00007fff48610000 - 0x00007fff489a3000 	C:\Windows\System32\combase.dll
0x00007fff46ce0000 - 0x00007fff46db7000 	C:\Windows\System32\OLEAUT32.dll
0x00007fff2e410000 - 0x00007fff2e442000 	C:\Windows\SYSTEM32\dbgcore.DLL
0x00007fff46480000 - 0x00007fff464fb000 	C:\Windows\System32\bcryptPrimitives.dll
0x00007fff1f610000 - 0x00007fff1f638000 	C:\Users\86136\.jdks\ms-11.0.27\bin\java.dll
0x00007fff1f600000 - 0x00007fff1f60a000 	C:\Users\86136\.jdks\ms-11.0.27\bin\jimage.dll
0x00007fff1aed0000 - 0x00007fff1aede000 	C:\Users\86136\.jdks\ms-11.0.27\bin\instrument.dll
0x00007fff1f5e0000 - 0x00007fff1f5f8000 	C:\Users\86136\.jdks\ms-11.0.27\bin\zip.dll
0x00007fff46e90000 - 0x00007fff47732000 	C:\Windows\System32\SHELL32.dll
0x00007fff46340000 - 0x00007fff4647f000 	C:\Windows\System32\wintypes.dll
0x00007fff43d20000 - 0x00007fff4463e000 	C:\Windows\SYSTEM32\windows.storage.dll
0x00007fff47e10000 - 0x00007fff47f1b000 	C:\Windows\System32\SHCORE.dll
0x00007fff46c10000 - 0x00007fff46c79000 	C:\Windows\System32\shlwapi.dll
0x00007fff45d10000 - 0x00007fff45d3b000 	C:\Windows\SYSTEM32\profapi.dll
0x00007fff18570000 - 0x00007fff1858a000 	C:\Users\86136\.jdks\ms-11.0.27\bin\net.dll
0x00007fff40db0000 - 0x00007fff40edc000 	C:\Windows\SYSTEM32\WINHTTP.dll
0x00007fff45380000 - 0x00007fff453e9000 	C:\Windows\system32\mswsock.dll
0x00007fff16880000 - 0x00007fff16892000 	C:\Users\86136\.jdks\ms-11.0.27\bin\nio.dll
0x00007fff44a70000 - 0x00007fff44b68000 	C:\Windows\SYSTEM32\DNSAPI.dll
0x00007fff44a40000 - 0x00007fff44a6d000 	C:\Windows\SYSTEM32\IPHLPAPI.DLL
0x00007fff47740000 - 0x00007fff47749000 	C:\Windows\System32\NSI.dll
0x0000000063560000 - 0x0000000063569000 	C:\Program Files\National Instruments\Shared\mDNS Responder\nimdnsNSP.dll
0x0000000063e60000 - 0x0000000063f03000 	C:\Windows\WinSxS\amd64_microsoft.vc90.crt_1fc8b3b9a1e18e3b_9.0.30729.9635_none_08e2c157a83ed5da\MSVCR90.dll
0x0000000063550000 - 0x000000006355e000 	C:\Windows\SYSTEM32\nimdnsResponder.dll
0x00007fff3dfe0000 - 0x00007fff3dfea000 	C:\Windows\System32\rasadhlp.dll
0x00007fff3e0a0000 - 0x00007fff3e124000 	C:\Windows\System32\fwpuclnt.dll
0x00007fff19b00000 - 0x00007fff19b0a000 	C:\Users\86136\.jdks\ms-11.0.27\bin\management.dll
0x00007fff18560000 - 0x00007fff1856b000 	C:\Users\86136\.jdks\ms-11.0.27\bin\management_ext.dll
0x00007fff46980000 - 0x00007fff46988000 	C:\Windows\System32\PSAPI.DLL
0x00007fff455d0000 - 0x00007fff455eb000 	C:\Windows\SYSTEM32\CRYPTSP.dll
0x00007fff44e60000 - 0x00007fff44e97000 	C:\Windows\system32\rsaenh.dll
0x00007fff45470000 - 0x00007fff45498000 	C:\Windows\SYSTEM32\USERENV.dll
0x00007fff455f0000 - 0x00007fff455fc000 	C:\Windows\SYSTEM32\CRYPTBASE.dll
0x00007fff3f820000 - 0x00007fff3f839000 	C:\Windows\SYSTEM32\dhcpcsvc6.DLL
0x00007fff3f800000 - 0x00007fff3f81f000 	C:\Windows\SYSTEM32\dhcpcsvc.DLL
0x00007fff1adb0000 - 0x00007fff1adc7000 	C:\Windows\system32\napinsp.dll
0x00007fff1ad20000 - 0x00007fff1ad3b000 	C:\Windows\system32\pnrpnsp.dll
0x00007fff184d0000 - 0x00007fff184e1000 	C:\Windows\System32\winrnr.dll
0x00007fff3e570000 - 0x00007fff3e58f000 	C:\Windows\system32\wshbth.dll
0x00007fff18440000 - 0x00007fff18461000 	C:\Windows\system32\nlansp_c.dll
0x00007fff15440000 - 0x00007fff1544e000 	C:\Users\86136\.jdks\ms-11.0.27\bin\sunmscapi.dll
0x00007fff46810000 - 0x00007fff46977000 	C:\Windows\System32\CRYPT32.dll
0x00007fff45790000 - 0x00007fff457bd000 	C:\Windows\SYSTEM32\ncrypt.dll
0x00007fff45750000 - 0x00007fff45787000 	C:\Windows\SYSTEM32\NTASN1.dll
0x00007ffef9c40000 - 0x00007ffef9c67000 	C:\Users\86136\.jdks\ms-11.0.27\bin\sunec.dll

dbghelp: loaded successfully - version: 4.0.5 - missing functions: none
symbol engine: initialized successfully - sym options: 0x614 - pdb path: .;C:\Users\86136\.jdks\ms-11.0.27\bin;C:\Windows\SYSTEM32;C:\Windows\WinSxS\amd64_microsoft.windows.common-controls_6595b64144ccf1df_6.0.22621.5415_none_270d77d17387d7da;C:\Users\86136\.jdks\ms-11.0.27\bin\server;C:\Program Files\National Instruments\Shared\mDNS Responder;C:\Windows\WinSxS\amd64_microsoft.vc90.crt_1fc8b3b9a1e18e3b_9.0.30729.9635_none_08e2c157a83ed5da

VM Arguments:
jvm_args: -XX:TieredStopAtLevel=1 -Xverify:none -Dspring.profiles.active=local -Dspring.output.ansi.enabled=always -Dcom.sun.management.jmxremote -Dspring.jmx.enabled=true -Dspring.liveBeansView.mbeanDomain -Dspring.application.admin.enabled=true -Dmanagement.endpoints.jmx.exposure.include=* -javaagent:D:\IDEA2025\IntelliJ IDEA 2025.1.1.1\lib\idea_rt.jar=59265 -Dfile.encoding=UTF-8 
java_command: com.hmall.cart.CartApplication
java_class_path (initial): D:\hmall\hmall\cart-service\target\classes;D:\hmall\hmall\hm-common\target\classes;D:\MAVEN3.6.3\repository\org\apache\commons\commons-pool2\2.11.1\commons-pool2-2.11.1.jar;D:\MAVEN3.6.3\repository\cn\hutool\hutool-all\5.8.11\hutool-all-5.8.11.jar;D:\MAVEN3.6.3\repository\org\springframework\boot\spring-boot-starter-logging\2.7.12\spring-boot-starter-logging-2.7.12.jar;D:\MAVEN3.6.3\repository\ch\qos\logback\logback-classic\1.2.12\logback-classic-1.2.12.jar;D:\MAVEN3.6.3\repository\ch\qos\logback\logback-core\1.2.12\logback-core-1.2.12.jar;D:\MAVEN3.6.3\repository\org\apache\logging\log4j\log4j-to-slf4j\2.17.2\log4j-to-slf4j-2.17.2.jar;D:\MAVEN3.6.3\repository\org\apache\logging\log4j\log4j-api\2.17.2\log4j-api-2.17.2.jar;D:\MAVEN3.6.3\repository\org\slf4j\jul-to-slf4j\1.7.36\jul-to-slf4j-1.7.36.jar;D:\MAVEN3.6.3\repository\org\hibernate\validator\hibernate-validator\6.2.5.Final\hibernate-validator-6.2.5.Final.jar;D:\MAVEN3.6.3\repository\jakarta\validation\jakarta.validation-api\2.0.2\jakarta.validation-api-2.0.2.jar;D:\MAVEN3.6.3\repository\org\jboss\logging\jboss-logging\3.4.3.Final\jboss-logging-3.4.3.Final.jar;D:\MAVEN3.6.3\repository\com\fasterxml\classmate\1.5.1\classmate-1.5.1.jar;D:\MAVEN3.6.3\repository\org\springframework\boot\spring-boot-autoconfigure\2.7.12\spring-boot-autoconfigure-2.7.12.jar;D:\MAVEN3.6.3\repository\org\springframework\boot\spring-boot\2.7.12\spring-boot-2.7.12.jar;D:\MAVEN3.6.3\repository\com\github\xiaoymin\knife4j-openapi2-spring-boot-starter\4.1.0\knife4j-openapi2-spring-boot-starter-4.1.0.jar;D:\MAVEN3.6.3\repository\com\github\xiaoymin\knife4j-core\4.1.0\knife4j-core-4.1.0.jar;D:\MAVEN3.6.3\repository\com\github\xiaoymin\knife4j-openapi2-ui\4.1.0\knife4j-openapi2-ui-4.1.0.jar;D:\MAVEN3.6.3\repository\org\javassist\javassist\3.25.0-GA\javassist-3.25.0-GA.jar;D:\MAVEN3.6.3\repository\io\springfox\springfox-swagger2\2.10.5\springfox-swagger2-2.10.5.jar;D:\MAVEN3.6.3\repository\io\springfox\springfox-spi
Launcher Type: SUN_STANDARD

[Global flags]
     bool BytecodeVerificationLocal                = false                                     {product} {command line}
     bool BytecodeVerificationRemote               = false                                     {product} {command line}
     intx CICompilerCount                          = 12                                        {product} {ergonomic}
     uint ConcGCThreads                            = 3                                         {product} {ergonomic}
     uint G1ConcRefinementThreads                  = 13                                        {product} {ergonomic}
   size_t G1HeapRegionSize                         = 1048576                                   {product} {ergonomic}
    uintx GCDrainStackTargetSize                   = 64                                        {product} {ergonomic}
   size_t InitialHeapSize                          = 230686720                                 {product} {ergonomic}
     bool ManagementServer                         = true                                      {product} {command line}
   size_t MarkStackSize                            = 4194304                                   {product} {ergonomic}
   size_t MaxHeapSize                              = 3676307456                                {product} {ergonomic}
   size_t MaxNewSize                               = 2205155328                                {product} {ergonomic}
   size_t MinHeapDeltaBytes                        = 1048576                                   {product} {ergonomic}
    uintx NonNMethodCodeHeapSize                   = 12163472                               {pd product} {ergonomic}
    uintx NonProfiledCodeHeapSize                  = 239494768                              {pd product} {ergonomic}
    uintx ProfiledCodeHeapSize                     = 0                                      {pd product} {ergonomic}
    uintx ReservedCodeCacheSize                    = 251658240                              {pd product} {ergonomic}
     bool SegmentedCodeCache                       = true                                      {product} {ergonomic}
     intx TieredStopAtLevel                        = 1                                         {product} {command line}
     bool UseCompressedClassPointers               = true                                 {lp64_product} {ergonomic}
     bool UseCompressedOops                        = true                                 {lp64_product} {ergonomic}
     bool UseG1GC                                  = true                                      {product} {ergonomic}
     bool UseLargePagesIndividualAllocation        = false                                  {pd product} {ergonomic}

Logging:
Log output configuration:
 #0: stdout all=warning uptime,level,tags
 #1: stderr all=off uptime,level,tags

Environment Variables:
JAVA_HOME=D:\develop\Java\jdk-21
PATH=D:\VMWare new\bin\;D:\develop\Java\jdk-21\bin;C:\Windows\system32;C:\Windows;C:\Windows\System32\Wbem;C:\Windows\System32\WindowsPowerShell\v1.0\;C:\Windows\System32\OpenSSH\;C:\Program Files\Common Files\Oracle\Java\javapath;C:\Program Files\Git\cmd;C:\Users\86136\Downloads\x86_64-8.1.0-release-win32-seh-rt_v6-rev0.7z\mingw64\bin;D:\mingw64\bin;C:\Program Files\MySQL\MySQL Server 8.0\bin;D:\Maven\apache-maven-3.9.9\bin;D:\Xshell\;C:\Program Files\Docker\Docker\resources\bin;D:\wechat develop tool\web\dll;D:\node.js\;D:\anocanda;D:\anocanda\Library\bin;D:\anocanda\Scripts;C:\Users\86136\AppData\Local\Programs\Python\Python313\Scripts\;C:\Users\86136\AppData\Local\Programs\Python\Python313\;C:\Users\86136\AppData\Local\Microsoft\WindowsApps;D:\mingw64\bin;D:\Microsoft VS Code\bin;D:\cursor\cursor\resources\app\bin;D:\coplar\;C:\Users\86136\AppData\Roaming\npm;D:\pycharm\PyCharm 2025.1.3\bin;
USERNAME=86136
OS=Windows_NT
PROCESSOR_IDENTIFIER=AMD64 Family 25 Model 68 Stepping 1, AuthenticAMD
TMP=C:\Users\86136\AppData\Local\Temp
TEMP=C:\Users\86136\AppData\Local\Temp



---------------  S Y S T E M  ---------------

OS: Windows 11 , 64 bit Build 22621 (10.0.22621.5415)
OS uptime: 0 days 9:12 hours

CPU:total 16 (initial active 16) (16 cores per cpu, 2 threads per core) family 25 model 68 stepping 1 microcode 0x0, cmov, cx8, fxsr, mmx, sse, sse2, sse3, ssse3, sse4.1, sse4.2, popcnt, avx, avx2, aes, clmul, mmxext, 3dnowpref, lzcnt, sse4a, ht, tsc, tscinvbit, tscinv, bmi1, bmi2, adx, sha, fma

Memory: 4k page, system-wide physical 14020M (23M free)
TotalPageFile size 39621M (AvailPageFile size 0M)
current process WorkingSet (physical memory assigned to process): 67M, peak: 559M
current process commit charge ("private bytes"): 720M, peak: 723M

vm_info: OpenJDK 64-Bit Server VM (11.0.27+6-LTS) for windows-amd64 JRE (11.0.27+6-LTS), built on Apr 10 2025 23:35:44 by "MicrosoftCorporation" with unknown MS VC++:1939

END.
