17:09:22:365  INFO 7576 --- [main] com.hmall.cart.CartApplication           : The following 1 profile is active: "local"
17:09:22:932  INFO 7576 --- [main] .s.d.r.c.RepositoryConfigurationDelegate : Multiple Spring Data modules found, entering strict repository configuration mode
17:09:22:934  INFO 7576 --- [main] .s.d.r.c.RepositoryConfigurationDelegate : Bootstrapping Spring Data Redis repositories in DEFAULT mode.
17:09:22:952  INFO 7576 --- [main] .s.d.r.c.RepositoryConfigurationDelegate : Finished Spring Data repository scanning in 6 ms. Found 0 Redis repository interfaces.
17:09:23:118  INFO 7576 --- [main] o.s.cloud.context.scope.GenericScope     : BeanFactory id=0efd7051-f8a3-31df-ab16-7f3c1a446e28
17:09:23:403  INFO 7576 --- [main] o.s.b.w.embedded.tomcat.TomcatWebServer  : Tomcat initialized with port(s): 8082 (http)
17:09:23:411  INFO 7576 --- [main] o.apache.catalina.core.StandardService   : Starting service [Tomcat]
17:09:23:412  INFO 7576 --- [main] org.apache.catalina.core.StandardEngine  : Starting Servlet engine: [Apache Tomcat/9.0.75]
17:09:23:536  INFO 7576 --- [main] o.a.c.c.C.[Tomcat].[localhost].[/]       : Initializing Spring embedded WebApplicationContext
17:09:23:536  INFO 7576 --- [main] w.s.c.ServletWebServerApplicationContext : Root WebApplicationContext: initialization completed in 1156 ms
17:09:33:880  INFO 7576 --- [main] o.s.c.openfeign.FeignClientFactoryBean   : For 'item-service' URL not provided. Will try picking an instance via load-balancing.
17:09:46:628  INFO 7576 --- [main] pertySourcedRequestMappingHandlerMapping : Mapped URL path [/v2/api-docs] onto method [springfox.documentation.swagger2.web.Swagger2ControllerWebMvc#getDocumentation(String, HttpServletRequest)]
17:09:47:050  INFO 7576 --- [main] com.alibaba.nacos.common.remote.client   : [RpcClientFactory] create a new rpc client of 2797d046-8423-42f1-a797-3c2e27051cc0
17:09:47:050  INFO 7576 --- [main] com.alibaba.nacos.common.remote.client   : [2797d046-8423-42f1-a797-3c2e27051cc0] RpcClient init label, labels = {module=naming, source=sdk}
17:09:47:052  INFO 7576 --- [main] com.alibaba.nacos.common.remote.client   : [2797d046-8423-42f1-a797-3c2e27051cc0] RpcClient init, ServerListFactory = com.alibaba.nacos.client.naming.core.ServerListManager
17:09:47:052  INFO 7576 --- [main] com.alibaba.nacos.common.remote.client   : [2797d046-8423-42f1-a797-3c2e27051cc0] Registry connection listener to current client:com.alibaba.nacos.client.naming.remote.gprc.redo.NamingGrpcRedoService
17:09:47:052  INFO 7576 --- [main] com.alibaba.nacos.common.remote.client   : [2797d046-8423-42f1-a797-3c2e27051cc0] Register server push request handler:com.alibaba.nacos.client.naming.remote.gprc.NamingPushRequestHandler
17:09:47:053  INFO 7576 --- [main] com.alibaba.nacos.common.remote.client   : [2797d046-8423-42f1-a797-3c2e27051cc0] Try to connect to server on start up, server: {serverIp = '192.168.184.101', server main port = 8848}
17:09:47:180  INFO 7576 --- [main] com.alibaba.nacos.common.remote.client   : [2797d046-8423-42f1-a797-3c2e27051cc0] Success to connect to server [192.168.184.101:8848] on start up, connectionId = 1756631385671_192.168.184.1_63525
17:09:47:180  INFO 7576 --- [main] com.alibaba.nacos.common.remote.client   : [2797d046-8423-42f1-a797-3c2e27051cc0] Register server push request handler:com.alibaba.nacos.common.remote.client.RpcClient$ConnectResetRequestHandler
17:09:47:180  INFO 7576 --- [main] com.alibaba.nacos.common.remote.client   : [2797d046-8423-42f1-a797-3c2e27051cc0] Register server push request handler:com.alibaba.nacos.common.remote.client.RpcClient$$Lambda$471/0x00000008404a0040
17:09:47:180  INFO 7576 --- [com.alibaba.nacos.client.remote.worker] com.alibaba.nacos.common.remote.client   : [2797d046-8423-42f1-a797-3c2e27051cc0] Notify connected event to listeners.
17:09:47:219  INFO 7576 --- [main] o.s.b.w.embedded.tomcat.TomcatWebServer  : Tomcat started on port(s): 8082 (http) with context path ''
17:09:47:774  INFO 7576 --- [nacos-grpc-client-executor-4] com.alibaba.nacos.common.remote.client   : [2797d046-8423-42f1-a797-3c2e27051cc0] Receive server push request, request = NotifySubscriberRequest, requestId = 3
17:09:47:776  INFO 7576 --- [nacos-grpc-client-executor-4] com.alibaba.nacos.common.remote.client   : [2797d046-8423-42f1-a797-3c2e27051cc0] Ack server push request, request = NotifySubscriberRequest, requestId = 3
17:09:52:497  INFO 7576 --- [main] c.a.c.n.registry.NacosServiceRegistry    : nacos registry, DEFAULT_GROUP cart-service 192.168.1.5:8082 register finished
17:09:52:498  INFO 7576 --- [main] d.s.w.p.DocumentationPluginsBootstrapper : Documentation plugins bootstrapped
17:09:52:501  INFO 7576 --- [main] d.s.w.p.DocumentationPluginsBootstrapper : Found 1 custom documentation plugin(s)
17:09:52:518  INFO 7576 --- [main] s.d.s.w.s.ApiListingReferenceScanner     : Scanning for api listing references
17:09:52:581  INFO 7576 --- [main] com.hmall.cart.CartApplication           : Started CartApplication in 54.189 seconds (JVM running for 58.883)
17:09:52:584  INFO 7576 --- [main] c.a.c.n.refresh.NacosContextRefresher    : [Nacos Config] Listening config: dataId=cart-service, group=DEFAULT_GROUP
17:09:52:585  INFO 7576 --- [main] c.a.c.n.refresh.NacosContextRefresher    : [Nacos Config] Listening config: dataId=cart-service.yaml, group=DEFAULT_GROUP
17:09:52:586  INFO 7576 --- [main] c.a.c.n.refresh.NacosContextRefresher    : [Nacos Config] Listening config: dataId=cart-service-local.yaml, group=DEFAULT_GROUP
17:09:53:090  INFO 7576 --- [nacos-grpc-client-executor-10] com.alibaba.nacos.common.remote.client   : [2797d046-8423-42f1-a797-3c2e27051cc0] Receive server push request, request = NotifySubscriberRequest, requestId = 4
17:09:53:094  INFO 7576 --- [nacos-grpc-client-executor-10] com.alibaba.nacos.common.remote.client   : [2797d046-8423-42f1-a797-3c2e27051cc0] Ack server push request, request = NotifySubscriberRequest, requestId = 4
17:10:28:232  INFO 7576 --- [http-nio-8082-exec-1] o.a.c.c.C.[Tomcat].[localhost].[/]       : Initializing Spring DispatcherServlet 'dispatcherServlet'
17:10:28:233  INFO 7576 --- [http-nio-8082-exec-1] o.s.web.servlet.DispatcherServlet        : Initializing Servlet 'dispatcherServlet'
17:10:28:234  INFO 7576 --- [http-nio-8082-exec-1] o.s.web.servlet.DispatcherServlet        : Completed initialization in 1 ms
17:16:03:707  INFO 7576 --- [nacos-grpc-client-executor-98] com.alibaba.nacos.common.remote.client   : [cafdc62f-ac98-4bfb-90ca-5fa0f1acf743_config-0] Receive server push request, request = ConfigChangeNotifyRequest, requestId = 5
17:16:03:708  INFO 7576 --- [nacos-grpc-client-executor-98] com.alibaba.nacos.common.remote.client   : [cafdc62f-ac98-4bfb-90ca-5fa0f1acf743_config-0] Ack server push request, request = ConfigChangeNotifyRequest, requestId = 5
17:16:08:931  WARN 7576 --- [nacos.client.cachedata.internal.notifier] c.a.c.n.c.NacosPropertySourceBuilder     : Ignore the empty nacos configuration and get it based on dataId[cart-service] & group[DEFAULT_GROUP]
17:16:08:940  WARN 7576 --- [nacos.client.cachedata.internal.notifier] c.a.c.n.c.NacosPropertySourceBuilder     : Ignore the empty nacos configuration and get it based on dataId[cart-service-local.yaml] & group[DEFAULT_GROUP]
17:16:08:940  INFO 7576 --- [nacos.client.cachedata.internal.notifier] b.c.PropertySourceBootstrapConfiguration : Located property source: [BootstrapPropertySource {name='bootstrapProperties-cart-service-local.yaml,DEFAULT_GROUP'}, BootstrapPropertySource {name='bootstrapProperties-cart-service.yaml,DEFAULT_GROUP'}, BootstrapPropertySource {name='bootstrapProperties-cart-service,DEFAULT_GROUP'}, BootstrapPropertySource {name='bootstrapProperties-shared-log.yaml,DEFAULT_GROUP'}, BootstrapPropertySource {name='bootstrapProperties-shared-swagger.yaml,DEFAULT_GROUP'}, BootstrapPropertySource {name='bootstrapProperties-shared-jdbc.yaml,DEFAULT_GROUP'}]
17:16:08:948  INFO 7576 --- [nacos.client.cachedata.internal.notifier] o.s.boot.SpringApplication               : The following 1 profile is active: "local"
17:16:08:954  INFO 7576 --- [nacos.client.cachedata.internal.notifier] o.s.boot.SpringApplication               : Started application in 5.228 seconds (JVM running for 435.257)
17:16:08:993  INFO 7576 --- [nacos.client.cachedata.internal.notifier] o.s.c.e.event.RefreshEventListener       : Refresh keys changed: [hm.cart.maxAmount]
17:47:58:123  WARN 7576 --- [Thread-5] c.a.nacos.common.notify.NotifyCenter     : [NotifyCenter] Start destroying Publisher
17:47:58:122  WARN 7576 --- [Thread-1] c.a.n.common.http.HttpClientBeanHolder   : [HttpClientBeanHolder] Start destroying common HttpClient
17:47:58:124  WARN 7576 --- [Thread-5] c.a.nacos.common.notify.NotifyCenter     : [NotifyCenter] Destruction of the end
17:47:58:127  WARN 7576 --- [Thread-1] c.a.n.common.http.HttpClientBeanHolder   : [HttpClientBeanHolder] Destruction of the end
17:48:01:628  INFO 7576 --- [SpringApplicationShutdownHook] c.a.c.n.registry.NacosServiceRegistry    : De-registering from Nacos Server now...
17:48:01:631  INFO 7576 --- [SpringApplicationShutdownHook] c.a.c.n.registry.NacosServiceRegistry    : De-registration finished.
17:48:01:955  INFO 7576 --- [SpringApplicationShutdownHook] com.alibaba.nacos.common.remote.client   : Shutdown rpc client, set status to shutdown
17:48:01:956  INFO 7576 --- [SpringApplicationShutdownHook] com.alibaba.nacos.common.remote.client   : Shutdown client event executor java.util.concurrent.ScheduledThreadPoolExecutor@61b76b7a[Running, pool size = 2, active threads = 2, queued tasks = 0, completed tasks = 0]
17:48:01:956  INFO 7576 --- [SpringApplicationShutdownHook] com.alibaba.nacos.common.remote.client   : Close current connection 1756631385671_192.168.184.1_63525
17:48:01:957  INFO 7576 --- [SpringApplicationShutdownHook] c.a.n.c.remote.client.grpc.GrpcClient    : Shutdown grpc executor java.util.concurrent.ThreadPoolExecutor@49e30b1d[Running, pool size = 3, active threads = 0, queued tasks = 0, completed tasks = 471]
17:48:01:957  INFO 7576 --- [nacos-grpc-client-executor-471] c.a.n.c.remote.client.grpc.GrpcClient    : [1756631385671_192.168.184.1_63525]Ignore complete event,isRunning:false,isAbandon=false
17:48:34:391  INFO 21188 --- [main] com.hmall.cart.CartApplication           : The following 1 profile is active: "local"
17:48:34:944  INFO 21188 --- [main] .s.d.r.c.RepositoryConfigurationDelegate : Multiple Spring Data modules found, entering strict repository configuration mode
17:48:34:946  INFO 21188 --- [main] .s.d.r.c.RepositoryConfigurationDelegate : Bootstrapping Spring Data Redis repositories in DEFAULT mode.
17:48:34:968  INFO 21188 --- [main] .s.d.r.c.RepositoryConfigurationDelegate : Finished Spring Data repository scanning in 6 ms. Found 0 Redis repository interfaces.
17:48:35:141  INFO 21188 --- [main] o.s.cloud.context.scope.GenericScope     : BeanFactory id=3fddc31d-d729-3ecd-85de-ea74e3b2751d
17:48:35:441  INFO 21188 --- [main] o.s.b.w.embedded.tomcat.TomcatWebServer  : Tomcat initialized with port(s): 8082 (http)
17:48:35:449  INFO 21188 --- [main] o.apache.catalina.core.StandardService   : Starting service [Tomcat]
17:48:35:449  INFO 21188 --- [main] org.apache.catalina.core.StandardEngine  : Starting Servlet engine: [Apache Tomcat/9.0.75]
17:48:35:573  INFO 21188 --- [main] o.a.c.c.C.[Tomcat].[localhost].[/]       : Initializing Spring embedded WebApplicationContext
17:48:35:574  INFO 21188 --- [main] w.s.c.ServletWebServerApplicationContext : Root WebApplicationContext: initialization completed in 1171 ms
17:48:45:583  INFO 21188 --- [main] o.s.c.openfeign.FeignClientFactoryBean   : For 'item-service' URL not provided. Will try picking an instance via load-balancing.
17:48:57:811  INFO 21188 --- [main] pertySourcedRequestMappingHandlerMapping : Mapped URL path [/v2/api-docs] onto method [springfox.documentation.swagger2.web.Swagger2ControllerWebMvc#getDocumentation(String, HttpServletRequest)]
17:48:58:186  INFO 21188 --- [main] com.alibaba.nacos.common.remote.client   : [RpcClientFactory] create a new rpc client of c9c4d65a-8af7-4d38-a9c9-62e2e223c901
17:48:58:186  INFO 21188 --- [main] com.alibaba.nacos.common.remote.client   : [c9c4d65a-8af7-4d38-a9c9-62e2e223c901] RpcClient init label, labels = {module=naming, source=sdk}
17:48:58:187  INFO 21188 --- [main] com.alibaba.nacos.common.remote.client   : [c9c4d65a-8af7-4d38-a9c9-62e2e223c901] RpcClient init, ServerListFactory = com.alibaba.nacos.client.naming.core.ServerListManager
17:48:58:187  INFO 21188 --- [main] com.alibaba.nacos.common.remote.client   : [c9c4d65a-8af7-4d38-a9c9-62e2e223c901] Registry connection listener to current client:com.alibaba.nacos.client.naming.remote.gprc.redo.NamingGrpcRedoService
17:48:58:188  INFO 21188 --- [main] com.alibaba.nacos.common.remote.client   : [c9c4d65a-8af7-4d38-a9c9-62e2e223c901] Register server push request handler:com.alibaba.nacos.client.naming.remote.gprc.NamingPushRequestHandler
17:48:58:189  INFO 21188 --- [main] com.alibaba.nacos.common.remote.client   : [c9c4d65a-8af7-4d38-a9c9-62e2e223c901] Try to connect to server on start up, server: {serverIp = '192.168.184.101', server main port = 8848}
17:48:58:313  INFO 21188 --- [main] com.alibaba.nacos.common.remote.client   : [c9c4d65a-8af7-4d38-a9c9-62e2e223c901] Success to connect to server [192.168.184.101:8848] on start up, connectionId = 1756633736783_192.168.184.1_49184
17:48:58:313  INFO 21188 --- [main] com.alibaba.nacos.common.remote.client   : [c9c4d65a-8af7-4d38-a9c9-62e2e223c901] Register server push request handler:com.alibaba.nacos.common.remote.client.RpcClient$ConnectResetRequestHandler
17:48:58:313  INFO 21188 --- [com.alibaba.nacos.client.remote.worker] com.alibaba.nacos.common.remote.client   : [c9c4d65a-8af7-4d38-a9c9-62e2e223c901] Notify connected event to listeners.
17:48:58:313  INFO 21188 --- [main] com.alibaba.nacos.common.remote.client   : [c9c4d65a-8af7-4d38-a9c9-62e2e223c901] Register server push request handler:com.alibaba.nacos.common.remote.client.RpcClient$$Lambda$471/0x00000008404a0040
17:48:58:349  INFO 21188 --- [main] o.s.b.w.embedded.tomcat.TomcatWebServer  : Tomcat started on port(s): 8082 (http) with context path ''
17:48:58:857  INFO 21188 --- [nacos-grpc-client-executor-4] com.alibaba.nacos.common.remote.client   : [c9c4d65a-8af7-4d38-a9c9-62e2e223c901] Receive server push request, request = NotifySubscriberRequest, requestId = 6
17:48:58:861  INFO 21188 --- [nacos-grpc-client-executor-4] com.alibaba.nacos.common.remote.client   : [c9c4d65a-8af7-4d38-a9c9-62e2e223c901] Ack server push request, request = NotifySubscriberRequest, requestId = 6
17:49:03:338  INFO 21188 --- [main] c.a.c.n.registry.NacosServiceRegistry    : nacos registry, DEFAULT_GROUP cart-service 192.168.1.5:8082 register finished
17:49:03:339  INFO 21188 --- [main] d.s.w.p.DocumentationPluginsBootstrapper : Documentation plugins bootstrapped
17:49:03:342  INFO 21188 --- [main] d.s.w.p.DocumentationPluginsBootstrapper : Found 1 custom documentation plugin(s)
17:49:03:360  INFO 21188 --- [main] s.d.s.w.s.ApiListingReferenceScanner     : Scanning for api listing references
17:49:03:422  INFO 21188 --- [main] com.hmall.cart.CartApplication           : Started CartApplication in 53.314 seconds (JVM running for 58.172)
17:49:03:426  INFO 21188 --- [main] c.a.c.n.refresh.NacosContextRefresher    : [Nacos Config] Listening config: dataId=cart-service, group=DEFAULT_GROUP
17:49:03:427  INFO 21188 --- [main] c.a.c.n.refresh.NacosContextRefresher    : [Nacos Config] Listening config: dataId=cart-service.yaml, group=DEFAULT_GROUP
17:49:03:428  INFO 21188 --- [main] c.a.c.n.refresh.NacosContextRefresher    : [Nacos Config] Listening config: dataId=cart-service-local.yaml, group=DEFAULT_GROUP
17:49:03:870  INFO 21188 --- [nacos-grpc-client-executor-8] com.alibaba.nacos.common.remote.client   : [c9c4d65a-8af7-4d38-a9c9-62e2e223c901] Receive server push request, request = NotifySubscriberRequest, requestId = 7
17:49:03:874  INFO 21188 --- [nacos-grpc-client-executor-8] com.alibaba.nacos.common.remote.client   : [c9c4d65a-8af7-4d38-a9c9-62e2e223c901] Ack server push request, request = NotifySubscriberRequest, requestId = 7
18:07:39:459  INFO 21188 --- [http-nio-8082-exec-2] o.a.c.c.C.[Tomcat].[localhost].[/]       : Initializing Spring DispatcherServlet 'dispatcherServlet'
18:07:39:460  INFO 21188 --- [http-nio-8082-exec-2] o.s.web.servlet.DispatcherServlet        : Initializing Servlet 'dispatcherServlet'
18:07:39:477  INFO 21188 --- [http-nio-8082-exec-2] o.s.web.servlet.DispatcherServlet        : Completed initialization in 16 ms
18:07:39:627  INFO 21188 --- [http-nio-8082-exec-2] com.zaxxer.hikari.HikariDataSource       : HikariPool-1 - Starting...
18:07:39:827  INFO 21188 --- [http-nio-8082-exec-2] com.zaxxer.hikari.HikariDataSource       : HikariPool-1 - Start completed.
18:07:39:832 DEBUG 21188 --- [http-nio-8082-exec-2] c.h.cart.mapper.CartMapper.selectList    : ==>  Preparing: SELECT id,user_id,item_id,num,name,spec,price,image,create_time,update_time FROM cart WHERE (user_id = ?)
18:07:39:854 DEBUG 21188 --- [http-nio-8082-exec-2] c.h.cart.mapper.CartMapper.selectList    : ==> Parameters: 1(Long)
18:07:39:880 DEBUG 21188 --- [http-nio-8082-exec-2] c.h.cart.mapper.CartMapper.selectList    : <==      Total: 1
18:07:39:925 DEBUG 21188 --- [http-nio-8082-exec-2] com.hmall.api.client.ItemClient          : [ItemClient#queryItemsByIds] ---> GET http://item-service/items?ids=100000006163 HTTP/1.1
18:07:39:926 DEBUG 21188 --- [http-nio-8082-exec-2] com.hmall.api.client.ItemClient          : [ItemClient#queryItemsByIds] user-info: 1
18:07:39:926 DEBUG 21188 --- [http-nio-8082-exec-2] com.hmall.api.client.ItemClient          : [ItemClient#queryItemsByIds] ---> END HTTP (0-byte body)
18:07:40:129 DEBUG 21188 --- [http-nio-8082-exec-2] com.hmall.api.client.ItemClient          : [ItemClient#queryItemsByIds] <--- HTTP/1.1 200  (203ms)
18:07:40:130 DEBUG 21188 --- [http-nio-8082-exec-2] com.hmall.api.client.ItemClient          : [ItemClient#queryItemsByIds] connection: keep-alive
18:07:40:130 DEBUG 21188 --- [http-nio-8082-exec-2] com.hmall.api.client.ItemClient          : [ItemClient#queryItemsByIds] content-type: application/json
18:07:40:130 DEBUG 21188 --- [http-nio-8082-exec-2] com.hmall.api.client.ItemClient          : [ItemClient#queryItemsByIds] date: Sun, 31 Aug 2025 10:07:40 GMT
18:07:40:130 DEBUG 21188 --- [http-nio-8082-exec-2] com.hmall.api.client.ItemClient          : [ItemClient#queryItemsByIds] keep-alive: timeout=60
18:07:40:130 DEBUG 21188 --- [http-nio-8082-exec-2] com.hmall.api.client.ItemClient          : [ItemClient#queryItemsByIds] transfer-encoding: chunked
18:07:40:130 DEBUG 21188 --- [http-nio-8082-exec-2] com.hmall.api.client.ItemClient          : [ItemClient#queryItemsByIds] 
18:07:40:132 DEBUG 21188 --- [http-nio-8082-exec-2] com.hmall.api.client.ItemClient          : [ItemClient#queryItemsByIds] [{"id":"100000006163","name":"巴布豆(BOBDOG)柔薄悦动婴儿拉拉裤XXL码80片(15kg以上)","price":67100,"stock":10000,"image":"https://m.360buyimg.com/mobilecms/s720x720_jfs/t23998/350/2363990466/222391/a6e9581d/5b7cba5bN0c18fb4f.jpg!q70.jpg.webp","category":"拉拉裤","brand":"巴布豆","spec":"{}","sold":11,"commentCount":33343434,"isAD":false,"status":2}]
18:07:40:132 DEBUG 21188 --- [http-nio-8082-exec-2] com.hmall.api.client.ItemClient          : [ItemClient#queryItemsByIds] <--- END HTTP (371-byte body)
18:07:40:627  INFO 21188 --- [nacos-grpc-client-executor-233] com.alibaba.nacos.common.remote.client   : [c9c4d65a-8af7-4d38-a9c9-62e2e223c901] Receive server push request, request = NotifySubscriberRequest, requestId = 15
18:07:40:627  INFO 21188 --- [nacos-grpc-client-executor-233] com.alibaba.nacos.common.remote.client   : [c9c4d65a-8af7-4d38-a9c9-62e2e223c901] Ack server push request, request = NotifySubscriberRequest, requestId = 15
18:07:44:674 DEBUG 21188 --- [http-nio-8082-exec-1] c.h.cart.mapper.CartMapper.updateById    : ==>  Preparing: UPDATE cart SET num=? WHERE id=?
18:07:44:674 DEBUG 21188 --- [http-nio-8082-exec-1] c.h.cart.mapper.CartMapper.updateById    : ==> Parameters: 2(Integer), 7(Long)
18:07:44:677 DEBUG 21188 --- [http-nio-8082-exec-1] c.h.cart.mapper.CartMapper.updateById    : <==    Updates: 1
18:07:44:692 DEBUG 21188 --- [http-nio-8082-exec-3] c.h.cart.mapper.CartMapper.selectList    : ==>  Preparing: SELECT id,user_id,item_id,num,name,spec,price,image,create_time,update_time FROM cart WHERE (user_id = ?)
18:07:44:692 DEBUG 21188 --- [http-nio-8082-exec-3] c.h.cart.mapper.CartMapper.selectList    : ==> Parameters: 1(Long)
18:07:44:694 DEBUG 21188 --- [http-nio-8082-exec-3] c.h.cart.mapper.CartMapper.selectList    : <==      Total: 1
18:07:44:695 DEBUG 21188 --- [http-nio-8082-exec-3] com.hmall.api.client.ItemClient          : [ItemClient#queryItemsByIds] ---> GET http://item-service/items?ids=100000006163 HTTP/1.1
18:07:44:695 DEBUG 21188 --- [http-nio-8082-exec-3] com.hmall.api.client.ItemClient          : [ItemClient#queryItemsByIds] user-info: 1
18:07:44:695 DEBUG 21188 --- [http-nio-8082-exec-3] com.hmall.api.client.ItemClient          : [ItemClient#queryItemsByIds] ---> END HTTP (0-byte body)
18:07:44:704 DEBUG 21188 --- [http-nio-8082-exec-3] com.hmall.api.client.ItemClient          : [ItemClient#queryItemsByIds] <--- HTTP/1.1 200  (8ms)
18:07:44:704 DEBUG 21188 --- [http-nio-8082-exec-3] com.hmall.api.client.ItemClient          : [ItemClient#queryItemsByIds] connection: keep-alive
18:07:44:704 DEBUG 21188 --- [http-nio-8082-exec-3] com.hmall.api.client.ItemClient          : [ItemClient#queryItemsByIds] content-type: application/json
18:07:44:704 DEBUG 21188 --- [http-nio-8082-exec-3] com.hmall.api.client.ItemClient          : [ItemClient#queryItemsByIds] date: Sun, 31 Aug 2025 10:07:44 GMT
18:07:44:704 DEBUG 21188 --- [http-nio-8082-exec-3] com.hmall.api.client.ItemClient          : [ItemClient#queryItemsByIds] keep-alive: timeout=60
18:07:44:704 DEBUG 21188 --- [http-nio-8082-exec-3] com.hmall.api.client.ItemClient          : [ItemClient#queryItemsByIds] transfer-encoding: chunked
18:07:44:704 DEBUG 21188 --- [http-nio-8082-exec-3] com.hmall.api.client.ItemClient          : [ItemClient#queryItemsByIds] 
18:07:44:705 DEBUG 21188 --- [http-nio-8082-exec-3] com.hmall.api.client.ItemClient          : [ItemClient#queryItemsByIds] [{"id":"100000006163","name":"巴布豆(BOBDOG)柔薄悦动婴儿拉拉裤XXL码80片(15kg以上)","price":67100,"stock":10000,"image":"https://m.360buyimg.com/mobilecms/s720x720_jfs/t23998/350/2363990466/222391/a6e9581d/5b7cba5bN0c18fb4f.jpg!q70.jpg.webp","category":"拉拉裤","brand":"巴布豆","spec":"{}","sold":11,"commentCount":33343434,"isAD":false,"status":2}]
18:07:44:705 DEBUG 21188 --- [http-nio-8082-exec-3] com.hmall.api.client.ItemClient          : [ItemClient#queryItemsByIds] <--- END HTTP (371-byte body)
18:08:19:089  INFO 21188 --- [nacos-grpc-client-executor-249] com.alibaba.nacos.common.remote.client   : [ede55203-e5bd-4680-bed6-ef63a799d548_config-0] Receive server push request, request = ConfigChangeNotifyRequest, requestId = 16
18:08:19:090  INFO 21188 --- [nacos-grpc-client-executor-249] com.alibaba.nacos.common.remote.client   : [ede55203-e5bd-4680-bed6-ef63a799d548_config-0] Ack server push request, request = ConfigChangeNotifyRequest, requestId = 16
18:08:24:135 DEBUG 21188 --- [http-nio-8082-exec-4] c.h.cart.mapper.CartMapper.selectCount   : ==>  Preparing: SELECT COUNT( * ) FROM cart WHERE (user_id = ? AND item_id = ?)
18:08:24:136 DEBUG 21188 --- [http-nio-8082-exec-4] c.h.cart.mapper.CartMapper.selectCount   : ==> Parameters: 1(Long), 2120808(Long)
18:08:24:137 DEBUG 21188 --- [http-nio-8082-exec-4] c.h.cart.mapper.CartMapper.selectCount   : <==      Total: 1
18:08:24:139 DEBUG 21188 --- [http-nio-8082-exec-4] c.h.cart.mapper.CartMapper.selectCount   : ==>  Preparing: SELECT COUNT( * ) FROM cart WHERE (user_id = ?)
18:08:24:139 DEBUG 21188 --- [http-nio-8082-exec-4] c.h.cart.mapper.CartMapper.selectCount   : ==> Parameters: 1(Long)
18:08:24:140 DEBUG 21188 --- [http-nio-8082-exec-4] c.h.cart.mapper.CartMapper.selectCount   : <==      Total: 1
18:08:24:149 ERROR 21188 --- [http-nio-8082-exec-4] o.a.c.c.C.[.[.[/].[dispatcherServlet]    : Servlet.service() for servlet [dispatcherServlet] in context with path [] threw exception [Request processing failed; nested exception is com.hmall.common.exception.BizIllegalException: 用户购物车课程不能超过1] with root cause

com.hmall.common.exception.BizIllegalException: 用户购物车课程不能超过1
	at com.hmall.cart.service.Impl.CartServiceImpl.checkCartsFull(CartServiceImpl.java:147) ~[classes/:na]
	at com.hmall.cart.service.Impl.CartServiceImpl.addItem2Cart(CartServiceImpl.java:64) ~[classes/:na]
	at com.hmall.cart.service.Impl.CartServiceImpl$$FastClassBySpringCGLIB$$83d8b6af.invoke(<generated>) ~[classes/:na]
	at org.springframework.cglib.proxy.MethodProxy.invoke(MethodProxy.java:218) ~[spring-core-5.3.27.jar:5.3.27]
	at org.springframework.aop.framework.CglibAopProxy.invokeMethod(CglibAopProxy.java:386) ~[spring-aop-5.3.27.jar:5.3.27]
	at org.springframework.aop.framework.CglibAopProxy.access$000(CglibAopProxy.java:85) ~[spring-aop-5.3.27.jar:5.3.27]
	at org.springframework.aop.framework.CglibAopProxy$DynamicAdvisedInterceptor.intercept(CglibAopProxy.java:704) ~[spring-aop-5.3.27.jar:5.3.27]
	at com.hmall.cart.service.Impl.CartServiceImpl$$EnhancerBySpringCGLIB$$1823a9c9.addItem2Cart(<generated>) ~[classes/:na]
	at com.hmall.cart.controller.CartController.addItem2Cart(CartController.java:29) ~[classes/:na]
	at java.base/jdk.internal.reflect.NativeMethodAccessorImpl.invoke0(Native Method) ~[na:na]
	at java.base/jdk.internal.reflect.NativeMethodAccessorImpl.invoke(NativeMethodAccessorImpl.java:62) ~[na:na]
	at java.base/jdk.internal.reflect.DelegatingMethodAccessorImpl.invoke(DelegatingMethodAccessorImpl.java:43) ~[na:na]
	at java.base/java.lang.reflect.Method.invoke(Method.java:566) ~[na:na]
	at org.springframework.web.method.support.InvocableHandlerMethod.doInvoke(InvocableHandlerMethod.java:205) ~[spring-web-5.3.27.jar:5.3.27]
	at org.springframework.web.method.support.InvocableHandlerMethod.invokeForRequest(InvocableHandlerMethod.java:150) ~[spring-web-5.3.27.jar:5.3.27]
	at org.springframework.web.servlet.mvc.method.annotation.ServletInvocableHandlerMethod.invokeAndHandle(ServletInvocableHandlerMethod.java:117) ~[spring-webmvc-5.3.27.jar:5.3.27]
	at org.springframework.web.servlet.mvc.method.annotation.RequestMappingHandlerAdapter.invokeHandlerMethod(RequestMappingHandlerAdapter.java:895) ~[spring-webmvc-5.3.27.jar:5.3.27]
	at org.springframework.web.servlet.mvc.method.annotation.RequestMappingHandlerAdapter.handleInternal(RequestMappingHandlerAdapter.java:808) ~[spring-webmvc-5.3.27.jar:5.3.27]
	at org.springframework.web.servlet.mvc.method.AbstractHandlerMethodAdapter.handle(AbstractHandlerMethodAdapter.java:87) ~[spring-webmvc-5.3.27.jar:5.3.27]
	at org.springframework.web.servlet.DispatcherServlet.doDispatch(DispatcherServlet.java:1072) ~[spring-webmvc-5.3.27.jar:5.3.27]
	at org.springframework.web.servlet.DispatcherServlet.doService(DispatcherServlet.java:965) ~[spring-webmvc-5.3.27.jar:5.3.27]
	at org.springframework.web.servlet.FrameworkServlet.processRequest(FrameworkServlet.java:1006) ~[spring-webmvc-5.3.27.jar:5.3.27]
	at org.springframework.web.servlet.FrameworkServlet.doPost(FrameworkServlet.java:909) ~[spring-webmvc-5.3.27.jar:5.3.27]
	at javax.servlet.http.HttpServlet.service(HttpServlet.java:555) ~[tomcat-embed-core-9.0.75.jar:4.0.FR]
	at org.springframework.web.servlet.FrameworkServlet.service(FrameworkServlet.java:883) ~[spring-webmvc-5.3.27.jar:5.3.27]
	at javax.servlet.http.HttpServlet.service(HttpServlet.java:623) ~[tomcat-embed-core-9.0.75.jar:4.0.FR]
	at org.apache.catalina.core.ApplicationFilterChain.internalDoFilter(ApplicationFilterChain.java:209) ~[tomcat-embed-core-9.0.75.jar:9.0.75]
	at org.apache.catalina.core.ApplicationFilterChain.doFilter(ApplicationFilterChain.java:153) ~[tomcat-embed-core-9.0.75.jar:9.0.75]
	at org.apache.tomcat.websocket.server.WsFilter.doFilter(WsFilter.java:51) ~[tomcat-embed-websocket-9.0.75.jar:9.0.75]
	at org.apache.catalina.core.ApplicationFilterChain.internalDoFilter(ApplicationFilterChain.java:178) ~[tomcat-embed-core-9.0.75.jar:9.0.75]
	at org.apache.catalina.core.ApplicationFilterChain.doFilter(ApplicationFilterChain.java:153) ~[tomcat-embed-core-9.0.75.jar:9.0.75]
	at org.springframework.web.filter.RequestContextFilter.doFilterInternal(RequestContextFilter.java:100) ~[spring-web-5.3.27.jar:5.3.27]
	at org.springframework.web.filter.OncePerRequestFilter.doFilter(OncePerRequestFilter.java:117) ~[spring-web-5.3.27.jar:5.3.27]
	at org.apache.catalina.core.ApplicationFilterChain.internalDoFilter(ApplicationFilterChain.java:178) ~[tomcat-embed-core-9.0.75.jar:9.0.75]
	at org.apache.catalina.core.ApplicationFilterChain.doFilter(ApplicationFilterChain.java:153) ~[tomcat-embed-core-9.0.75.jar:9.0.75]
	at org.springframework.web.filter.FormContentFilter.doFilterInternal(FormContentFilter.java:93) ~[spring-web-5.3.27.jar:5.3.27]
	at org.springframework.web.filter.OncePerRequestFilter.doFilter(OncePerRequestFilter.java:117) ~[spring-web-5.3.27.jar:5.3.27]
	at org.apache.catalina.core.ApplicationFilterChain.internalDoFilter(ApplicationFilterChain.java:178) ~[tomcat-embed-core-9.0.75.jar:9.0.75]
	at org.apache.catalina.core.ApplicationFilterChain.doFilter(ApplicationFilterChain.java:153) ~[tomcat-embed-core-9.0.75.jar:9.0.75]
	at org.springframework.web.filter.CharacterEncodingFilter.doFilterInternal(CharacterEncodingFilter.java:201) ~[spring-web-5.3.27.jar:5.3.27]
	at org.springframework.web.filter.OncePerRequestFilter.doFilter(OncePerRequestFilter.java:117) ~[spring-web-5.3.27.jar:5.3.27]
	at org.apache.catalina.core.ApplicationFilterChain.internalDoFilter(ApplicationFilterChain.java:178) ~[tomcat-embed-core-9.0.75.jar:9.0.75]
	at org.apache.catalina.core.ApplicationFilterChain.doFilter(ApplicationFilterChain.java:153) ~[tomcat-embed-core-9.0.75.jar:9.0.75]
	at org.apache.catalina.core.StandardWrapperValve.invoke(StandardWrapperValve.java:167) ~[tomcat-embed-core-9.0.75.jar:9.0.75]
	at org.apache.catalina.core.StandardContextValve.invoke(StandardContextValve.java:90) ~[tomcat-embed-core-9.0.75.jar:9.0.75]
	at org.apache.catalina.authenticator.AuthenticatorBase.invoke(AuthenticatorBase.java:481) ~[tomcat-embed-core-9.0.75.jar:9.0.75]
	at org.apache.catalina.core.StandardHostValve.invoke(StandardHostValve.java:130) ~[tomcat-embed-core-9.0.75.jar:9.0.75]
	at org.apache.catalina.valves.ErrorReportValve.invoke(ErrorReportValve.java:93) ~[tomcat-embed-core-9.0.75.jar:9.0.75]
	at org.apache.catalina.core.StandardEngineValve.invoke(StandardEngineValve.java:74) ~[tomcat-embed-core-9.0.75.jar:9.0.75]
	at org.apache.catalina.connector.CoyoteAdapter.service(CoyoteAdapter.java:343) ~[tomcat-embed-core-9.0.75.jar:9.0.75]
	at org.apache.coyote.http11.Http11Processor.service(Http11Processor.java:390) ~[tomcat-embed-core-9.0.75.jar:9.0.75]
	at org.apache.coyote.AbstractProcessorLight.process(AbstractProcessorLight.java:63) ~[tomcat-embed-core-9.0.75.jar:9.0.75]
	at org.apache.coyote.AbstractProtocol$ConnectionHandler.process(AbstractProtocol.java:926) ~[tomcat-embed-core-9.0.75.jar:9.0.75]
	at org.apache.tomcat.util.net.NioEndpoint$SocketProcessor.doRun(NioEndpoint.java:1791) ~[tomcat-embed-core-9.0.75.jar:9.0.75]
	at org.apache.tomcat.util.net.SocketProcessorBase.run(SocketProcessorBase.java:52) ~[tomcat-embed-core-9.0.75.jar:9.0.75]
	at org.apache.tomcat.util.threads.ThreadPoolExecutor.runWorker(ThreadPoolExecutor.java:1191) ~[tomcat-embed-core-9.0.75.jar:9.0.75]
	at org.apache.tomcat.util.threads.ThreadPoolExecutor$Worker.run(ThreadPoolExecutor.java:659) ~[tomcat-embed-core-9.0.75.jar:9.0.75]
	at org.apache.tomcat.util.threads.TaskThread$WrappingRunnable.run(TaskThread.java:61) ~[tomcat-embed-core-9.0.75.jar:9.0.75]
	at java.base/java.lang.Thread.run(Thread.java:829) ~[na:na]

18:08:24:313  WARN 21188 --- [nacos.client.cachedata.internal.notifier] c.a.c.n.c.NacosPropertySourceBuilder     : Ignore the empty nacos configuration and get it based on dataId[cart-service] & group[DEFAULT_GROUP]
18:08:24:323  WARN 21188 --- [nacos.client.cachedata.internal.notifier] c.a.c.n.c.NacosPropertySourceBuilder     : Ignore the empty nacos configuration and get it based on dataId[cart-service-local.yaml] & group[DEFAULT_GROUP]
18:08:24:323  INFO 21188 --- [nacos.client.cachedata.internal.notifier] b.c.PropertySourceBootstrapConfiguration : Located property source: [BootstrapPropertySource {name='bootstrapProperties-cart-service-local.yaml,DEFAULT_GROUP'}, BootstrapPropertySource {name='bootstrapProperties-cart-service.yaml,DEFAULT_GROUP'}, BootstrapPropertySource {name='bootstrapProperties-cart-service,DEFAULT_GROUP'}, BootstrapPropertySource {name='bootstrapProperties-shared-log.yaml,DEFAULT_GROUP'}, BootstrapPropertySource {name='bootstrapProperties-shared-swagger.yaml,DEFAULT_GROUP'}, BootstrapPropertySource {name='bootstrapProperties-shared-jdbc.yaml,DEFAULT_GROUP'}]
18:08:24:344  INFO 21188 --- [nacos.client.cachedata.internal.notifier] o.s.boot.SpringApplication               : The following 1 profile is active: "local"
18:08:24:356  INFO 21188 --- [nacos.client.cachedata.internal.notifier] o.s.boot.SpringApplication               : Started application in 5.235 seconds (JVM running for 1219.106)
18:08:24:423  INFO 21188 --- [nacos.client.cachedata.internal.notifier] o.s.c.e.event.RefreshEventListener       : Refresh keys changed: [hm.cart.maxAmount]
18:09:06:370 DEBUG 21188 --- [http-nio-8082-exec-5] c.h.cart.mapper.CartMapper.selectCount   : ==>  Preparing: SELECT COUNT( * ) FROM cart WHERE (user_id = ? AND item_id = ?)
18:09:06:371 DEBUG 21188 --- [http-nio-8082-exec-5] c.h.cart.mapper.CartMapper.selectCount   : ==> Parameters: 1(Long), 2120808(Long)
18:09:06:372 DEBUG 21188 --- [http-nio-8082-exec-5] c.h.cart.mapper.CartMapper.selectCount   : <==      Total: 1
18:09:06:373 DEBUG 21188 --- [http-nio-8082-exec-5] c.h.cart.mapper.CartMapper.selectCount   : ==>  Preparing: SELECT COUNT( * ) FROM cart WHERE (user_id = ?)
18:09:06:374 DEBUG 21188 --- [http-nio-8082-exec-5] c.h.cart.mapper.CartMapper.selectCount   : ==> Parameters: 1(Long)
18:09:06:375 DEBUG 21188 --- [http-nio-8082-exec-5] c.h.cart.mapper.CartMapper.selectCount   : <==      Total: 1
18:09:06:378 DEBUG 21188 --- [http-nio-8082-exec-5] com.hmall.cart.mapper.CartMapper.insert  : ==>  Preparing: INSERT INTO cart ( user_id, item_id, name, spec, price, image ) VALUES ( ?, ?, ?, ?, ?, ? )
18:09:06:379 DEBUG 21188 --- [http-nio-8082-exec-5] com.hmall.cart.mapper.CartMapper.insert  : ==> Parameters: 1(Long), 2120808(Long), 姬龙雪 guy laroche女包 GL经典手提包女牛皮大容量单肩包女欧美时尚包包女包GS1210001-06杏色(String), {}(String), 71800(Integer), https://m.360buyimg.com/mobilecms/s720x720_jfs/t30694/267/398774087/90954/6fc143cf/5bf25358N14dadbf7.jpg!q70.jpg.webp(String)
18:09:06:381 DEBUG 21188 --- [http-nio-8082-exec-5] com.hmall.cart.mapper.CartMapper.insert  : <==    Updates: 1
18:09:06:437 DEBUG 21188 --- [http-nio-8082-exec-6] c.h.cart.mapper.CartMapper.selectList    : ==>  Preparing: SELECT id,user_id,item_id,num,name,spec,price,image,create_time,update_time FROM cart WHERE (user_id = ?)
18:09:06:438 DEBUG 21188 --- [http-nio-8082-exec-6] c.h.cart.mapper.CartMapper.selectList    : ==> Parameters: 1(Long)
18:09:06:439 DEBUG 21188 --- [http-nio-8082-exec-6] c.h.cart.mapper.CartMapper.selectList    : <==      Total: 2
18:09:06:441 DEBUG 21188 --- [http-nio-8082-exec-6] com.hmall.api.client.ItemClient          : [ItemClient#queryItemsByIds] ---> GET http://item-service/items?ids=100000006163&ids=2120808 HTTP/1.1
18:09:06:441 DEBUG 21188 --- [http-nio-8082-exec-6] com.hmall.api.client.ItemClient          : [ItemClient#queryItemsByIds] user-info: 1
18:09:06:441 DEBUG 21188 --- [http-nio-8082-exec-6] com.hmall.api.client.ItemClient          : [ItemClient#queryItemsByIds] ---> END HTTP (0-byte body)
18:09:06:454 DEBUG 21188 --- [http-nio-8082-exec-6] com.hmall.api.client.ItemClient          : [ItemClient#queryItemsByIds] <--- HTTP/1.1 200  (12ms)
18:09:06:454 DEBUG 21188 --- [http-nio-8082-exec-6] com.hmall.api.client.ItemClient          : [ItemClient#queryItemsByIds] connection: keep-alive
18:09:06:454 DEBUG 21188 --- [http-nio-8082-exec-6] com.hmall.api.client.ItemClient          : [ItemClient#queryItemsByIds] content-type: application/json
18:09:06:454 DEBUG 21188 --- [http-nio-8082-exec-6] com.hmall.api.client.ItemClient          : [ItemClient#queryItemsByIds] date: Sun, 31 Aug 2025 10:09:06 GMT
18:09:06:454 DEBUG 21188 --- [http-nio-8082-exec-6] com.hmall.api.client.ItemClient          : [ItemClient#queryItemsByIds] keep-alive: timeout=60
18:09:06:454 DEBUG 21188 --- [http-nio-8082-exec-6] com.hmall.api.client.ItemClient          : [ItemClient#queryItemsByIds] transfer-encoding: chunked
18:09:06:454 DEBUG 21188 --- [http-nio-8082-exec-6] com.hmall.api.client.ItemClient          : [ItemClient#queryItemsByIds] 
18:09:06:454 DEBUG 21188 --- [http-nio-8082-exec-6] com.hmall.api.client.ItemClient          : [ItemClient#queryItemsByIds] [{"id":"2120808","name":"姬龙雪 guy laroche女包 GL经典手提包女牛皮大容量单肩包女欧美时尚包包女包GS1210001-06杏色","price":71800,"stock":1,"image":"https://m.360buyimg.com/mobilecms/s720x720_jfs/t30694/267/398774087/90954/6fc143cf/5bf25358N14dadbf7.jpg!q70.jpg.webp","category":"真皮包","brand":"姬龙雪","spec":"{}","sold":0,"commentCount":0,"isAD":false,"status":1},{"id":"100000006163","name":"巴布豆(BOBDOG)柔薄悦动婴儿拉拉裤XXL码80片(15kg以上)","price":67100,"stock":10000,"image":"https://m.360buyimg.com/mobilecms/s720x720_jfs/t23998/350/2363990466/222391/a6e9581d/5b7cba5bN0c18fb4f.jpg!q70.jpg.webp","category":"拉拉裤","brand":"巴布豆","spec":"{}","sold":11,"commentCount":33343434,"isAD":false,"status":2}]
18:09:06:454 DEBUG 21188 --- [http-nio-8082-exec-6] com.hmall.api.client.ItemClient          : [ItemClient#queryItemsByIds] <--- END HTTP (772-byte body)
18:09:10:443 DEBUG 21188 --- [http-nio-8082-exec-7] c.h.cart.mapper.CartMapper.selectCount   : ==>  Preparing: SELECT COUNT( * ) FROM cart WHERE (user_id = ? AND item_id = ?)
18:09:10:444 DEBUG 21188 --- [http-nio-8082-exec-7] c.h.cart.mapper.CartMapper.selectCount   : ==> Parameters: 1(Long), 8533120(Long)
18:09:10:445 DEBUG 21188 --- [http-nio-8082-exec-7] c.h.cart.mapper.CartMapper.selectCount   : <==      Total: 1
18:09:10:447 DEBUG 21188 --- [http-nio-8082-exec-7] c.h.cart.mapper.CartMapper.selectCount   : ==>  Preparing: SELECT COUNT( * ) FROM cart WHERE (user_id = ?)
18:09:10:447 DEBUG 21188 --- [http-nio-8082-exec-7] c.h.cart.mapper.CartMapper.selectCount   : ==> Parameters: 1(Long)
18:09:10:448 DEBUG 21188 --- [http-nio-8082-exec-7] c.h.cart.mapper.CartMapper.selectCount   : <==      Total: 1
18:09:10:449 DEBUG 21188 --- [http-nio-8082-exec-7] com.hmall.cart.mapper.CartMapper.insert  : ==>  Preparing: INSERT INTO cart ( user_id, item_id, name, spec, price, image ) VALUES ( ?, ?, ?, ?, ?, ? )
18:09:10:449 DEBUG 21188 --- [http-nio-8082-exec-7] com.hmall.cart.mapper.CartMapper.insert  : ==> Parameters: 1(Long), 8533120(Long), 海尔 （Haier ）LQ65H31 65英寸 4K曲面人工智能全面屏超高清LED液晶电视(String), {}(String), 379500(Integer), https://m.360buyimg.com/mobilecms/s720x720_jfs/t1/2851/14/13998/101463/5bd9723cE81b2c299/1bfdf2d1628648e4.jpg!q70.jpg.webp(String)
18:09:10:451 DEBUG 21188 --- [http-nio-8082-exec-7] com.hmall.cart.mapper.CartMapper.insert  : <==    Updates: 1
18:09:10:490 DEBUG 21188 --- [http-nio-8082-exec-8] c.h.cart.mapper.CartMapper.selectList    : ==>  Preparing: SELECT id,user_id,item_id,num,name,spec,price,image,create_time,update_time FROM cart WHERE (user_id = ?)
18:09:10:490 DEBUG 21188 --- [http-nio-8082-exec-8] c.h.cart.mapper.CartMapper.selectList    : ==> Parameters: 1(Long)
18:09:10:493 DEBUG 21188 --- [http-nio-8082-exec-8] c.h.cart.mapper.CartMapper.selectList    : <==      Total: 3
18:09:10:494 DEBUG 21188 --- [http-nio-8082-exec-8] com.hmall.api.client.ItemClient          : [ItemClient#queryItemsByIds] ---> GET http://item-service/items?ids=8533120&ids=100000006163&ids=2120808 HTTP/1.1
18:09:10:494 DEBUG 21188 --- [http-nio-8082-exec-8] com.hmall.api.client.ItemClient          : [ItemClient#queryItemsByIds] user-info: 1
18:09:10:494 DEBUG 21188 --- [http-nio-8082-exec-8] com.hmall.api.client.ItemClient          : [ItemClient#queryItemsByIds] ---> END HTTP (0-byte body)
18:09:10:503 DEBUG 21188 --- [http-nio-8082-exec-8] com.hmall.api.client.ItemClient          : [ItemClient#queryItemsByIds] <--- HTTP/1.1 200  (7ms)
18:09:10:503 DEBUG 21188 --- [http-nio-8082-exec-8] com.hmall.api.client.ItemClient          : [ItemClient#queryItemsByIds] connection: keep-alive
18:09:10:503 DEBUG 21188 --- [http-nio-8082-exec-8] com.hmall.api.client.ItemClient          : [ItemClient#queryItemsByIds] content-type: application/json
18:09:10:503 DEBUG 21188 --- [http-nio-8082-exec-8] com.hmall.api.client.ItemClient          : [ItemClient#queryItemsByIds] date: Sun, 31 Aug 2025 10:09:10 GMT
18:09:10:503 DEBUG 21188 --- [http-nio-8082-exec-8] com.hmall.api.client.ItemClient          : [ItemClient#queryItemsByIds] keep-alive: timeout=60
18:09:10:503 DEBUG 21188 --- [http-nio-8082-exec-8] com.hmall.api.client.ItemClient          : [ItemClient#queryItemsByIds] transfer-encoding: chunked
18:09:10:503 DEBUG 21188 --- [http-nio-8082-exec-8] com.hmall.api.client.ItemClient          : [ItemClient#queryItemsByIds] 
18:09:10:503 DEBUG 21188 --- [http-nio-8082-exec-8] com.hmall.api.client.ItemClient          : [ItemClient#queryItemsByIds] [{"id":"2120808","name":"姬龙雪 guy laroche女包 GL经典手提包女牛皮大容量单肩包女欧美时尚包包女包GS1210001-06杏色","price":71800,"stock":1,"image":"https://m.360buyimg.com/mobilecms/s720x720_jfs/t30694/267/398774087/90954/6fc143cf/5bf25358N14dadbf7.jpg!q70.jpg.webp","category":"真皮包","brand":"姬龙雪","spec":"{}","sold":0,"commentCount":0,"isAD":false,"status":1},{"id":"8533120","name":"海尔 （Haier ）LQ65H31 65英寸 4K曲面人工智能全面屏超高清LED液晶电视","price":379500,"stock":10000,"image":"https://m.360buyimg.com/mobilecms/s720x720_jfs/t1/2851/14/13998/101463/5bd9723cE81b2c299/1bfdf2d1628648e4.jpg!q70.jpg.webp","category":"曲面电视","brand":"海尔","spec":"{}","sold":0,"commentCount":0,"isAD":false,"status":1},{"id":"100000006163","name":"巴布豆(BOBDOG)柔薄悦动婴儿拉拉裤XXL码80片(15kg以上)","price":67100,"stock":10000,"image":"https://m.360buyimg.com/mobilecms/s720x720_jfs/t23998/350/2363990466/222391/a6e9581d/5b7cba5bN0c18fb4f.jpg!q70.jpg.webp","category":"拉拉裤","brand":"巴布豆","spec":"{}","sold":11,"commentCount":33343434,"isAD":false,"status":2}]
18:09:10:504 DEBUG 21188 --- [http-nio-8082-exec-8] com.hmall.api.client.ItemClient          : [ItemClient#queryItemsByIds] <--- END HTTP (1155-byte body)
18:09:13:193 DEBUG 21188 --- [http-nio-8082-exec-9] c.h.cart.mapper.CartMapper.selectCount   : ==>  Preparing: SELECT COUNT( * ) FROM cart WHERE (user_id = ? AND item_id = ?)
18:09:13:194 DEBUG 21188 --- [http-nio-8082-exec-9] c.h.cart.mapper.CartMapper.selectCount   : ==> Parameters: 1(Long), 40305713537(Long)
18:09:13:195 DEBUG 21188 --- [http-nio-8082-exec-9] c.h.cart.mapper.CartMapper.selectCount   : <==      Total: 1
18:09:13:196 DEBUG 21188 --- [http-nio-8082-exec-9] c.h.cart.mapper.CartMapper.selectCount   : ==>  Preparing: SELECT COUNT( * ) FROM cart WHERE (user_id = ?)
18:09:13:197 DEBUG 21188 --- [http-nio-8082-exec-9] c.h.cart.mapper.CartMapper.selectCount   : ==> Parameters: 1(Long)
18:09:13:197 DEBUG 21188 --- [http-nio-8082-exec-9] c.h.cart.mapper.CartMapper.selectCount   : <==      Total: 1
18:09:13:198 ERROR 21188 --- [http-nio-8082-exec-9] o.a.c.c.C.[.[.[/].[dispatcherServlet]    : Servlet.service() for servlet [dispatcherServlet] in context with path [] threw exception [Request processing failed; nested exception is com.hmall.common.exception.BizIllegalException: 用户购物车课程不能超过3] with root cause

com.hmall.common.exception.BizIllegalException: 用户购物车课程不能超过3
	at com.hmall.cart.service.Impl.CartServiceImpl.checkCartsFull(CartServiceImpl.java:147) ~[classes/:na]
	at com.hmall.cart.service.Impl.CartServiceImpl.addItem2Cart(CartServiceImpl.java:64) ~[classes/:na]
	at com.hmall.cart.service.Impl.CartServiceImpl$$FastClassBySpringCGLIB$$83d8b6af.invoke(<generated>) ~[classes/:na]
	at org.springframework.cglib.proxy.MethodProxy.invoke(MethodProxy.java:218) ~[spring-core-5.3.27.jar:5.3.27]
	at org.springframework.aop.framework.CglibAopProxy.invokeMethod(CglibAopProxy.java:386) ~[spring-aop-5.3.27.jar:5.3.27]
	at org.springframework.aop.framework.CglibAopProxy.access$000(CglibAopProxy.java:85) ~[spring-aop-5.3.27.jar:5.3.27]
	at org.springframework.aop.framework.CglibAopProxy$DynamicAdvisedInterceptor.intercept(CglibAopProxy.java:704) ~[spring-aop-5.3.27.jar:5.3.27]
	at com.hmall.cart.service.Impl.CartServiceImpl$$EnhancerBySpringCGLIB$$1823a9c9.addItem2Cart(<generated>) ~[classes/:na]
	at com.hmall.cart.controller.CartController.addItem2Cart(CartController.java:29) ~[classes/:na]
	at java.base/jdk.internal.reflect.NativeMethodAccessorImpl.invoke0(Native Method) ~[na:na]
	at java.base/jdk.internal.reflect.NativeMethodAccessorImpl.invoke(NativeMethodAccessorImpl.java:62) ~[na:na]
	at java.base/jdk.internal.reflect.DelegatingMethodAccessorImpl.invoke(DelegatingMethodAccessorImpl.java:43) ~[na:na]
	at java.base/java.lang.reflect.Method.invoke(Method.java:566) ~[na:na]
	at org.springframework.web.method.support.InvocableHandlerMethod.doInvoke(InvocableHandlerMethod.java:205) ~[spring-web-5.3.27.jar:5.3.27]
	at org.springframework.web.method.support.InvocableHandlerMethod.invokeForRequest(InvocableHandlerMethod.java:150) ~[spring-web-5.3.27.jar:5.3.27]
	at org.springframework.web.servlet.mvc.method.annotation.ServletInvocableHandlerMethod.invokeAndHandle(ServletInvocableHandlerMethod.java:117) ~[spring-webmvc-5.3.27.jar:5.3.27]
	at org.springframework.web.servlet.mvc.method.annotation.RequestMappingHandlerAdapter.invokeHandlerMethod(RequestMappingHandlerAdapter.java:895) ~[spring-webmvc-5.3.27.jar:5.3.27]
	at org.springframework.web.servlet.mvc.method.annotation.RequestMappingHandlerAdapter.handleInternal(RequestMappingHandlerAdapter.java:808) ~[spring-webmvc-5.3.27.jar:5.3.27]
	at org.springframework.web.servlet.mvc.method.AbstractHandlerMethodAdapter.handle(AbstractHandlerMethodAdapter.java:87) ~[spring-webmvc-5.3.27.jar:5.3.27]
	at org.springframework.web.servlet.DispatcherServlet.doDispatch(DispatcherServlet.java:1072) ~[spring-webmvc-5.3.27.jar:5.3.27]
	at org.springframework.web.servlet.DispatcherServlet.doService(DispatcherServlet.java:965) ~[spring-webmvc-5.3.27.jar:5.3.27]
	at org.springframework.web.servlet.FrameworkServlet.processRequest(FrameworkServlet.java:1006) ~[spring-webmvc-5.3.27.jar:5.3.27]
	at org.springframework.web.servlet.FrameworkServlet.doPost(FrameworkServlet.java:909) ~[spring-webmvc-5.3.27.jar:5.3.27]
	at javax.servlet.http.HttpServlet.service(HttpServlet.java:555) ~[tomcat-embed-core-9.0.75.jar:4.0.FR]
	at org.springframework.web.servlet.FrameworkServlet.service(FrameworkServlet.java:883) ~[spring-webmvc-5.3.27.jar:5.3.27]
	at javax.servlet.http.HttpServlet.service(HttpServlet.java:623) ~[tomcat-embed-core-9.0.75.jar:4.0.FR]
	at org.apache.catalina.core.ApplicationFilterChain.internalDoFilter(ApplicationFilterChain.java:209) ~[tomcat-embed-core-9.0.75.jar:9.0.75]
	at org.apache.catalina.core.ApplicationFilterChain.doFilter(ApplicationFilterChain.java:153) ~[tomcat-embed-core-9.0.75.jar:9.0.75]
	at org.apache.tomcat.websocket.server.WsFilter.doFilter(WsFilter.java:51) ~[tomcat-embed-websocket-9.0.75.jar:9.0.75]
	at org.apache.catalina.core.ApplicationFilterChain.internalDoFilter(ApplicationFilterChain.java:178) ~[tomcat-embed-core-9.0.75.jar:9.0.75]
	at org.apache.catalina.core.ApplicationFilterChain.doFilter(ApplicationFilterChain.java:153) ~[tomcat-embed-core-9.0.75.jar:9.0.75]
	at org.springframework.web.filter.RequestContextFilter.doFilterInternal(RequestContextFilter.java:100) ~[spring-web-5.3.27.jar:5.3.27]
	at org.springframework.web.filter.OncePerRequestFilter.doFilter(OncePerRequestFilter.java:117) ~[spring-web-5.3.27.jar:5.3.27]
	at org.apache.catalina.core.ApplicationFilterChain.internalDoFilter(ApplicationFilterChain.java:178) ~[tomcat-embed-core-9.0.75.jar:9.0.75]
	at org.apache.catalina.core.ApplicationFilterChain.doFilter(ApplicationFilterChain.java:153) ~[tomcat-embed-core-9.0.75.jar:9.0.75]
	at org.springframework.web.filter.FormContentFilter.doFilterInternal(FormContentFilter.java:93) ~[spring-web-5.3.27.jar:5.3.27]
	at org.springframework.web.filter.OncePerRequestFilter.doFilter(OncePerRequestFilter.java:117) ~[spring-web-5.3.27.jar:5.3.27]
	at org.apache.catalina.core.ApplicationFilterChain.internalDoFilter(ApplicationFilterChain.java:178) ~[tomcat-embed-core-9.0.75.jar:9.0.75]
	at org.apache.catalina.core.ApplicationFilterChain.doFilter(ApplicationFilterChain.java:153) ~[tomcat-embed-core-9.0.75.jar:9.0.75]
	at org.springframework.web.filter.CharacterEncodingFilter.doFilterInternal(CharacterEncodingFilter.java:201) ~[spring-web-5.3.27.jar:5.3.27]
	at org.springframework.web.filter.OncePerRequestFilter.doFilter(OncePerRequestFilter.java:117) ~[spring-web-5.3.27.jar:5.3.27]
	at org.apache.catalina.core.ApplicationFilterChain.internalDoFilter(ApplicationFilterChain.java:178) ~[tomcat-embed-core-9.0.75.jar:9.0.75]
	at org.apache.catalina.core.ApplicationFilterChain.doFilter(ApplicationFilterChain.java:153) ~[tomcat-embed-core-9.0.75.jar:9.0.75]
	at org.apache.catalina.core.StandardWrapperValve.invoke(StandardWrapperValve.java:167) ~[tomcat-embed-core-9.0.75.jar:9.0.75]
	at org.apache.catalina.core.StandardContextValve.invoke(StandardContextValve.java:90) ~[tomcat-embed-core-9.0.75.jar:9.0.75]
	at org.apache.catalina.authenticator.AuthenticatorBase.invoke(AuthenticatorBase.java:481) ~[tomcat-embed-core-9.0.75.jar:9.0.75]
	at org.apache.catalina.core.StandardHostValve.invoke(StandardHostValve.java:130) ~[tomcat-embed-core-9.0.75.jar:9.0.75]
	at org.apache.catalina.valves.ErrorReportValve.invoke(ErrorReportValve.java:93) ~[tomcat-embed-core-9.0.75.jar:9.0.75]
	at org.apache.catalina.core.StandardEngineValve.invoke(StandardEngineValve.java:74) ~[tomcat-embed-core-9.0.75.jar:9.0.75]
	at org.apache.catalina.connector.CoyoteAdapter.service(CoyoteAdapter.java:343) ~[tomcat-embed-core-9.0.75.jar:9.0.75]
	at org.apache.coyote.http11.Http11Processor.service(Http11Processor.java:390) ~[tomcat-embed-core-9.0.75.jar:9.0.75]
	at org.apache.coyote.AbstractProcessorLight.process(AbstractProcessorLight.java:63) ~[tomcat-embed-core-9.0.75.jar:9.0.75]
	at org.apache.coyote.AbstractProtocol$ConnectionHandler.process(AbstractProtocol.java:926) ~[tomcat-embed-core-9.0.75.jar:9.0.75]
	at org.apache.tomcat.util.net.NioEndpoint$SocketProcessor.doRun(NioEndpoint.java:1791) ~[tomcat-embed-core-9.0.75.jar:9.0.75]
	at org.apache.tomcat.util.net.SocketProcessorBase.run(SocketProcessorBase.java:52) ~[tomcat-embed-core-9.0.75.jar:9.0.75]
	at org.apache.tomcat.util.threads.ThreadPoolExecutor.runWorker(ThreadPoolExecutor.java:1191) ~[tomcat-embed-core-9.0.75.jar:9.0.75]
	at org.apache.tomcat.util.threads.ThreadPoolExecutor$Worker.run(ThreadPoolExecutor.java:659) ~[tomcat-embed-core-9.0.75.jar:9.0.75]
	at org.apache.tomcat.util.threads.TaskThread$WrappingRunnable.run(TaskThread.java:61) ~[tomcat-embed-core-9.0.75.jar:9.0.75]
	at java.base/java.lang.Thread.run(Thread.java:829) ~[na:na]

19:51:40:675  INFO 21188 --- [com.alibaba.nacos.client.remote.worker] com.alibaba.nacos.common.remote.client   : [ede55203-e5bd-4680-bed6-ef63a799d548_config-0] Server healthy check fail, currentConnection = 1756633712696_192.168.184.1_49175
19:51:40:678  INFO 21188 --- [com.alibaba.nacos.client.remote.worker] com.alibaba.nacos.common.remote.client   : [ede55203-e5bd-4680-bed6-ef63a799d548_config-0] Try to reconnect to a new server, server is  not appointed, will choose a random server.
19:51:40:693 ERROR 21188 --- [nacos-grpc-client-executor-425] c.a.n.c.remote.client.grpc.GrpcClient    : [1756633712696_192.168.184.1_49175]Request stream error, switch server,error={}

com.alibaba.nacos.shaded.io.grpc.StatusRuntimeException: UNAVAILABLE: io exception
	at com.alibaba.nacos.shaded.io.grpc.Status.asRuntimeException(Status.java:533) ~[nacos-client-2.0.4.jar:na]
	at com.alibaba.nacos.shaded.io.grpc.stub.ClientCalls$StreamObserverToCallListenerAdapter.onClose(ClientCalls.java:442) ~[nacos-client-2.0.4.jar:na]
	at com.alibaba.nacos.shaded.io.grpc.PartialForwardingClientCallListener.onClose(PartialForwardingClientCallListener.java:39) ~[nacos-client-2.0.4.jar:na]
	at com.alibaba.nacos.shaded.io.grpc.ForwardingClientCallListener.onClose(ForwardingClientCallListener.java:23) ~[nacos-client-2.0.4.jar:na]
	at com.alibaba.nacos.shaded.io.grpc.ForwardingClientCallListener$SimpleForwardingClientCallListener.onClose(ForwardingClientCallListener.java:40) ~[nacos-client-2.0.4.jar:na]
	at com.alibaba.nacos.shaded.io.grpc.internal.CensusStatsModule$StatsClientInterceptor$1$1.onClose(CensusStatsModule.java:700) ~[nacos-client-2.0.4.jar:na]
	at com.alibaba.nacos.shaded.io.grpc.PartialForwardingClientCallListener.onClose(PartialForwardingClientCallListener.java:39) ~[nacos-client-2.0.4.jar:na]
	at com.alibaba.nacos.shaded.io.grpc.ForwardingClientCallListener.onClose(ForwardingClientCallListener.java:23) ~[nacos-client-2.0.4.jar:na]
	at com.alibaba.nacos.shaded.io.grpc.ForwardingClientCallListener$SimpleForwardingClientCallListener.onClose(ForwardingClientCallListener.java:40) ~[nacos-client-2.0.4.jar:na]
	at com.alibaba.nacos.shaded.io.grpc.internal.CensusTracingModule$TracingClientInterceptor$1$1.onClose(CensusTracingModule.java:399) ~[nacos-client-2.0.4.jar:na]
	at com.alibaba.nacos.shaded.io.grpc.internal.ClientCallImpl.closeObserver(ClientCallImpl.java:510) ~[nacos-client-2.0.4.jar:na]
	at com.alibaba.nacos.shaded.io.grpc.internal.ClientCallImpl.access$300(ClientCallImpl.java:66) ~[nacos-client-2.0.4.jar:na]
	at com.alibaba.nacos.shaded.io.grpc.internal.ClientCallImpl$ClientStreamListenerImpl.close(ClientCallImpl.java:630) ~[nacos-client-2.0.4.jar:na]
	at com.alibaba.nacos.shaded.io.grpc.internal.ClientCallImpl$ClientStreamListenerImpl.access$700(ClientCallImpl.java:518) ~[nacos-client-2.0.4.jar:na]
	at com.alibaba.nacos.shaded.io.grpc.internal.ClientCallImpl$ClientStreamListenerImpl$1StreamClosed.runInternal(ClientCallImpl.java:692) ~[nacos-client-2.0.4.jar:na]
	at com.alibaba.nacos.shaded.io.grpc.internal.ClientCallImpl$ClientStreamListenerImpl$1StreamClosed.runInContext(ClientCallImpl.java:681) ~[nacos-client-2.0.4.jar:na]
	at com.alibaba.nacos.shaded.io.grpc.internal.ContextRunnable.run(ContextRunnable.java:37) ~[nacos-client-2.0.4.jar:na]
	at com.alibaba.nacos.shaded.io.grpc.internal.SerializingExecutor.run(SerializingExecutor.java:123) ~[nacos-client-2.0.4.jar:na]
	at java.base/java.util.concurrent.ThreadPoolExecutor.runWorker(ThreadPoolExecutor.java:1128) ~[na:na]
	at java.base/java.util.concurrent.ThreadPoolExecutor$Worker.run(ThreadPoolExecutor.java:628) ~[na:na]
	at java.base/java.lang.Thread.run(Thread.java:829) ~[na:na]
Caused by: java.io.IOException: 远程主机强迫关闭了一个现有的连接。
	at java.base/sun.nio.ch.SocketDispatcher.read0(Native Method) ~[na:na]
	at java.base/sun.nio.ch.SocketDispatcher.read(SocketDispatcher.java:43) ~[na:na]
	at java.base/sun.nio.ch.IOUtil.readIntoNativeBuffer(IOUtil.java:276) ~[na:na]
	at java.base/sun.nio.ch.IOUtil.read(IOUtil.java:233) ~[na:na]
	at java.base/sun.nio.ch.IOUtil.read(IOUtil.java:223) ~[na:na]
	at java.base/sun.nio.ch.SocketChannelImpl.read(SocketChannelImpl.java:356) ~[na:na]
	at com.alibaba.nacos.shaded.io.grpc.netty.shaded.io.netty.buffer.PooledByteBuf.setBytes(PooledByteBuf.java:247) ~[nacos-client-2.0.4.jar:na]
	at com.alibaba.nacos.shaded.io.grpc.netty.shaded.io.netty.buffer.AbstractByteBuf.writeBytes(AbstractByteBuf.java:1140) ~[nacos-client-2.0.4.jar:na]
	at com.alibaba.nacos.shaded.io.grpc.netty.shaded.io.netty.channel.socket.nio.NioSocketChannel.doReadBytes(NioSocketChannel.java:347) ~[nacos-client-2.0.4.jar:na]
	at com.alibaba.nacos.shaded.io.grpc.netty.shaded.io.netty.channel.nio.AbstractNioByteChannel$NioByteUnsafe.read(AbstractNioByteChannel.java:148) ~[nacos-client-2.0.4.jar:na]
	at com.alibaba.nacos.shaded.io.grpc.netty.shaded.io.netty.channel.nio.NioEventLoop.processSelectedKey(NioEventLoop.java:697) ~[nacos-client-2.0.4.jar:na]
	at com.alibaba.nacos.shaded.io.grpc.netty.shaded.io.netty.channel.nio.NioEventLoop.processSelectedKeysOptimized(NioEventLoop.java:632) ~[nacos-client-2.0.4.jar:na]
	at com.alibaba.nacos.shaded.io.grpc.netty.shaded.io.netty.channel.nio.NioEventLoop.processSelectedKeys(NioEventLoop.java:549) ~[nacos-client-2.0.4.jar:na]
	at com.alibaba.nacos.shaded.io.grpc.netty.shaded.io.netty.channel.nio.NioEventLoop.run(NioEventLoop.java:511) ~[nacos-client-2.0.4.jar:na]
	at com.alibaba.nacos.shaded.io.grpc.netty.shaded.io.netty.util.concurrent.SingleThreadEventExecutor$5.run(SingleThreadEventExecutor.java:918) ~[nacos-client-2.0.4.jar:na]
	at com.alibaba.nacos.shaded.io.grpc.netty.shaded.io.netty.util.internal.ThreadExecutorMap$2.run(ThreadExecutorMap.java:74) ~[nacos-client-2.0.4.jar:na]
	at com.alibaba.nacos.shaded.io.grpc.netty.shaded.io.netty.util.concurrent.FastThreadLocalRunnable.run(FastThreadLocalRunnable.java:30) ~[nacos-client-2.0.4.jar:na]
	... 1 common frames omitted

19:51:41:188  INFO 21188 --- [nacos-grpc-client-executor-411] com.alibaba.nacos.common.remote.client   : [c9c4d65a-8af7-4d38-a9c9-62e2e223c901] Receive server push request, request = NotifySubscriberRequest, requestId = 17
19:51:41:193  INFO 21188 --- [nacos-grpc-client-executor-411] com.alibaba.nacos.common.remote.client   : [c9c4d65a-8af7-4d38-a9c9-62e2e223c901] Ack server push request, request = NotifySubscriberRequest, requestId = 17
19:51:41:403  INFO 21188 --- [com.alibaba.nacos.client.remote.worker] com.alibaba.nacos.common.remote.client   : [ede55203-e5bd-4680-bed6-ef63a799d548_config-0] Success to connect a server [192.168.184.101:8848], connectionId = 1756635741474_192.168.184.1_52307
19:51:41:405  INFO 21188 --- [com.alibaba.nacos.client.remote.worker] com.alibaba.nacos.common.remote.client   : [ede55203-e5bd-4680-bed6-ef63a799d548_config-0] Abandon prev connection, server is 192.168.184.101:8848, connectionId is 1756633712696_192.168.184.1_49175
19:51:41:409  INFO 21188 --- [com.alibaba.nacos.client.remote.worker] com.alibaba.nacos.common.remote.client   : Close current connection 1756633712696_192.168.184.1_49175
19:51:41:418  INFO 21188 --- [com.alibaba.nacos.client.remote.worker] com.alibaba.nacos.common.remote.client   : [ede55203-e5bd-4680-bed6-ef63a799d548_config-0] Notify disconnected event to listeners
19:51:41:419  INFO 21188 --- [com.alibaba.nacos.client.remote.worker] com.alibaba.nacos.common.remote.client   : [ede55203-e5bd-4680-bed6-ef63a799d548_config-0] Notify connected event to listeners.
19:51:45:435  INFO 21188 --- [nacos-grpc-client-executor-413] com.alibaba.nacos.common.remote.client   : [c9c4d65a-8af7-4d38-a9c9-62e2e223c901] Receive server push request, request = NotifySubscriberRequest, requestId = 23
19:51:45:440  INFO 21188 --- [nacos-grpc-client-executor-413] com.alibaba.nacos.common.remote.client   : [c9c4d65a-8af7-4d38-a9c9-62e2e223c901] Ack server push request, request = NotifySubscriberRequest, requestId = 23
19:51:53:474  WARN 21188 --- [HikariPool-1 housekeeper] com.zaxxer.hikari.pool.HikariPool        : HikariPool-1 - Thread starvation or clock leap detected (housekeeper delta=1h29m43s332ms695µs600ns).
